2020-08-07 00:19:59.579  INFO user-PC --- [           main] c.R.L.RegisterLoanApplication            : The RegisterLoan app
2020-08-07 00:19:59.600 ERROR user-PC --- [           main] c.R.L.RegisterLoanApplication            : Error level log message
2020-08-07 00:20:00.325  INFO user-PC --- [           main] c.R.L.RegisterLoanApplication            : Starting RegisterLoanApplication on user-PC with PID 3752 (D:\SivaReddyWorkRelated\BalaWork\RegisterLoan\RegisterLoan\target\classes started by user in D:\SivaReddyWorkRelated\BalaWork\RegisterLoan\RegisterLoan)
2020-08-07 00:20:00.327  INFO user-PC --- [           main] c.R.L.RegisterLoanApplication            : No active profile set, falling back to default profiles: default
2020-08-07 00:20:00.421  INFO user-PC --- [           main] ConfigServletWebServerApplicationContext : Refreshing org.springframework.boot.web.servlet.context.AnnotationConfigServletWebServerApplicationContext@37883b97: startup date [Fri Aug 07 00:20:00 IST 2020]; root of context hierarchy
2020-08-07 00:20:04.144  INFO user-PC --- [           main] trationDelegate$BeanPostProcessorChecker : Bean 'org.springframework.transaction.annotation.ProxyTransactionManagementConfiguration' of type [org.springframework.transaction.annotation.ProxyTransactionManagementConfiguration$$EnhancerBySpringCGLIB$$2b4628fa] is not eligible for getting processed by all BeanPostProcessors (for example: not eligible for auto-proxying)
2020-08-07 00:20:05.280  INFO user-PC --- [           main] o.s.b.w.e.t.TomcatWebServer              : Tomcat initialized with port(s): 8084 (http)
2020-08-07 00:20:05.307  INFO user-PC --- [           main] o.a.c.h.Http11NioProtocol                : Initializing ProtocolHandler ["http-nio-8084"]
2020-08-07 00:20:05.329  INFO user-PC --- [           main] o.a.c.c.StandardService                  : Starting service [Tomcat]
2020-08-07 00:20:05.330  INFO user-PC --- [           main] o.a.c.c.StandardEngine                   : Starting Servlet Engine: Apache Tomcat/8.5.34
2020-08-07 00:20:05.348  INFO user-PC --- [ost-startStop-1] o.a.c.c.AprLifecycleListener             : The APR based Apache Tomcat Native library which allows optimal performance in production environments was not found on the java.library.path: [C:\Program Files\Java\jre1.8.0_241\bin;C:\Windows\Sun\Java\bin;C:\Windows\system32;C:\Windows;C:/Program Files/Java/jre1.8.0_241/bin/server;C:/Program Files/Java/jre1.8.0_241/bin;C:/Program Files/Java/jre1.8.0_241/lib/amd64;C:\Program Files (x86)\Common Files\Oracle\Java\javapath;C:\Windows\system32;C:\Windows;C:\Windows\System32\Wbem;C:\Windows\System32\WindowsPowerShell\v1.0\;C:\Program Files\Java\jdk1.8.0_241\bin;E:\WebService jars\apache-maven-3.5.0\bin;C:\Program Files\nodejs\;D:\SpringBootCoursePractise\CLI\spring-2.3.1.RELEASE\bin;;D:\AngularJS\AngularDemo\bin;C:\Users\user\AppData\Roaming\npm;D:\EclipseSoftwares\eclipse;;.]
2020-08-07 00:20:05.579  INFO user-PC --- [ost-startStop-1] o.a.c.c.C.[.[.[/]                        : Initializing Spring embedded WebApplicationContext
2020-08-07 00:20:05.579  INFO user-PC --- [ost-startStop-1] o.s.w.c.ContextLoader                    : Root WebApplicationContext: initialization completed in 5163 ms
2020-08-07 00:20:05.719  INFO user-PC --- [ost-startStop-1] o.s.b.w.s.ServletRegistrationBean        : Servlet dispatcherServlet mapped to [/]
2020-08-07 00:20:05.726  INFO user-PC --- [ost-startStop-1] o.s.b.w.s.FilterRegistrationBean         : Mapping filter: 'characterEncodingFilter' to: [/*]
2020-08-07 00:20:05.727  INFO user-PC --- [ost-startStop-1] o.s.b.w.s.FilterRegistrationBean         : Mapping filter: 'hiddenHttpMethodFilter' to: [/*]
2020-08-07 00:20:05.727  INFO user-PC --- [ost-startStop-1] o.s.b.w.s.FilterRegistrationBean         : Mapping filter: 'httpPutFormContentFilter' to: [/*]
2020-08-07 00:20:05.727  INFO user-PC --- [ost-startStop-1] o.s.b.w.s.FilterRegistrationBean         : Mapping filter: 'requestContextFilter' to: [/*]
2020-08-07 00:20:06.070  INFO user-PC --- [           main] c.z.h.HikariDataSource                   : HikariPool-1 - Starting...
2020-08-07 00:20:07.405  INFO user-PC --- [           main] c.z.h.HikariDataSource                   : HikariPool-1 - Start completed.
2020-08-07 00:20:07.522  INFO user-PC --- [           main] j.LocalContainerEntityManagerFactoryBean : Building JPA container EntityManagerFactory for persistence unit 'default'
2020-08-07 00:20:07.560  INFO user-PC --- [           main] o.h.j.i.u.LogHelper                      : HHH000204: Processing PersistenceUnitInfo [
	name: default
	...]
2020-08-07 00:20:07.805  INFO user-PC --- [           main] o.h.Version                              : HHH000412: Hibernate Core {5.2.17.Final}
2020-08-07 00:20:07.807  INFO user-PC --- [           main] o.h.c.Environment                        : HHH000206: hibernate.properties not found
2020-08-07 00:20:07.920  INFO user-PC --- [           main] o.h.a.c.Version                          : HCANN000001: Hibernate Commons Annotations {5.0.1.Final}
2020-08-07 00:20:08.497  INFO user-PC --- [           main] o.h.d.Dialect                            : HHH000400: Using dialect: org.hibernate.dialect.MySQL5Dialect
2020-08-07 00:20:09.395  INFO user-PC --- [           main] j.LocalContainerEntityManagerFactoryBean : Initialized JPA EntityManagerFactory for persistence unit 'default'
2020-08-07 00:20:09.965  INFO user-PC --- [           main] o.h.h.i.QueryTranslatorFactoryInitiator  : HHH000397: Using ASTQueryTranslatorFactory
2020-08-07 00:20:10.088  WARN user-PC --- [           main] ConfigServletWebServerApplicationContext : Exception encountered during context initialization - cancelling refresh attempt: org.springframework.beans.factory.UnsatisfiedDependencyException: Error creating bean with name 'registerLoanApplication': Unsatisfied dependency expressed through field 'regLoanRepo'; nested exception is org.springframework.beans.factory.BeanCreationException: Error creating bean with name 'registerLoanRepository': Invocation of init method failed; nested exception is java.lang.IllegalArgumentException: Validation failed for query for method public abstract int com.Register.Loan.repository.RegisterLoanRepository.custUserNameCount(java.lang.String)!
2020-08-07 00:20:10.088  INFO user-PC --- [           main] j.LocalContainerEntityManagerFactoryBean : Closing JPA EntityManagerFactory for persistence unit 'default'
2020-08-07 00:20:10.089  INFO user-PC --- [           main] c.z.h.HikariDataSource                   : HikariPool-1 - Shutdown initiated...
2020-08-07 00:20:10.109  INFO user-PC --- [           main] c.z.h.HikariDataSource                   : HikariPool-1 - Shutdown completed.
2020-08-07 00:20:10.114  INFO user-PC --- [           main] o.a.c.c.StandardService                  : Stopping service [Tomcat]
2020-08-07 00:20:10.151  INFO user-PC --- [           main] ConditionEvaluationReportLoggingListener : 

Error starting ApplicationContext. To display the conditions report re-run your application with 'debug' enabled.
2020-08-07 00:20:10.156 ERROR user-PC --- [           main] o.s.b.SpringApplication                  : Application run failed
org.springframework.beans.factory.UnsatisfiedDependencyException: Error creating bean with name 'registerLoanApplication': Unsatisfied dependency expressed through field 'regLoanRepo'; nested exception is org.springframework.beans.factory.BeanCreationException: Error creating bean with name 'registerLoanRepository': Invocation of init method failed; nested exception is java.lang.IllegalArgumentException: Validation failed for query for method public abstract int com.Register.Loan.repository.RegisterLoanRepository.custUserNameCount(java.lang.String)!
	at org.springframework.beans.factory.annotation.AutowiredAnnotationBeanPostProcessor$AutowiredFieldElement.inject(AutowiredAnnotationBeanPostProcessor.java:584)
	at org.springframework.beans.factory.annotation.InjectionMetadata.inject(InjectionMetadata.java:90)
	at org.springframework.beans.factory.annotation.AutowiredAnnotationBeanPostProcessor.postProcessPropertyValues(AutowiredAnnotationBeanPostProcessor.java:370)
	at org.springframework.beans.factory.support.AbstractAutowireCapableBeanFactory.populateBean(AbstractAutowireCapableBeanFactory.java:1336)
	at org.springframework.beans.factory.support.AbstractAutowireCapableBeanFactory.doCreateBean(AbstractAutowireCapableBeanFactory.java:572)
	at org.springframework.beans.factory.support.AbstractAutowireCapableBeanFactory.createBean(AbstractAutowireCapableBeanFactory.java:495)
	at org.springframework.beans.factory.support.AbstractBeanFactory.lambda$doGetBean$0(AbstractBeanFactory.java:317)
	at org.springframework.beans.factory.support.DefaultSingletonBeanRegistry.getSingleton(DefaultSingletonBeanRegistry.java:222)
	at org.springframework.beans.factory.support.AbstractBeanFactory.doGetBean(AbstractBeanFactory.java:315)
	at org.springframework.beans.factory.support.AbstractBeanFactory.getBean(AbstractBeanFactory.java:199)
	at org.springframework.beans.factory.support.DefaultListableBeanFactory.preInstantiateSingletons(DefaultListableBeanFactory.java:759)
	at org.springframework.context.support.AbstractApplicationContext.finishBeanFactoryInitialization(AbstractApplicationContext.java:867)
	at org.springframework.context.support.AbstractApplicationContext.refresh(AbstractApplicationContext.java:548)
	at org.springframework.boot.web.servlet.context.ServletWebServerApplicationContext.refresh(ServletWebServerApplicationContext.java:140)
	at org.springframework.boot.SpringApplication.refresh(SpringApplication.java:754)
	at org.springframework.boot.SpringApplication.refreshContext(SpringApplication.java:386)
	at org.springframework.boot.SpringApplication.run(SpringApplication.java:307)
	at org.springframework.boot.SpringApplication.run(SpringApplication.java:1242)
	at org.springframework.boot.SpringApplication.run(SpringApplication.java:1230)
	at com.Register.Loan.RegisterLoanApplication.main(RegisterLoanApplication.java:35)
Caused by: org.springframework.beans.factory.BeanCreationException: Error creating bean with name 'registerLoanRepository': Invocation of init method failed; nested exception is java.lang.IllegalArgumentException: Validation failed for query for method public abstract int com.Register.Loan.repository.RegisterLoanRepository.custUserNameCount(java.lang.String)!
	at org.springframework.beans.factory.support.AbstractAutowireCapableBeanFactory.initializeBean(AbstractAutowireCapableBeanFactory.java:1694)
	at org.springframework.beans.factory.support.AbstractAutowireCapableBeanFactory.doCreateBean(AbstractAutowireCapableBeanFactory.java:573)
	at org.springframework.beans.factory.support.AbstractAutowireCapableBeanFactory.createBean(AbstractAutowireCapableBeanFactory.java:495)
	at org.springframework.beans.factory.support.AbstractBeanFactory.lambda$doGetBean$0(AbstractBeanFactory.java:317)
	at org.springframework.beans.factory.support.DefaultSingletonBeanRegistry.getSingleton(DefaultSingletonBeanRegistry.java:222)
	at org.springframework.beans.factory.support.AbstractBeanFactory.doGetBean(AbstractBeanFactory.java:315)
	at org.springframework.beans.factory.support.AbstractBeanFactory.getBean(AbstractBeanFactory.java:199)
	at org.springframework.beans.factory.config.DependencyDescriptor.resolveCandidate(DependencyDescriptor.java:251)
	at org.springframework.beans.factory.support.DefaultListableBeanFactory.doResolveDependency(DefaultListableBeanFactory.java:1135)
	at org.springframework.beans.factory.support.DefaultListableBeanFactory.resolveDependency(DefaultListableBeanFactory.java:1062)
	at org.springframework.beans.factory.annotation.AutowiredAnnotationBeanPostProcessor$AutowiredFieldElement.inject(AutowiredAnnotationBeanPostProcessor.java:581)
	... 19 more
Caused by: java.lang.IllegalArgumentException: Validation failed for query for method public abstract int com.Register.Loan.repository.RegisterLoanRepository.custUserNameCount(java.lang.String)!
	at org.springframework.data.jpa.repository.query.SimpleJpaQuery.validateQuery(SimpleJpaQuery.java:93)
	at org.springframework.data.jpa.repository.query.SimpleJpaQuery.<init>(SimpleJpaQuery.java:63)
	at org.springframework.data.jpa.repository.query.JpaQueryFactory.fromMethodWithQueryString(JpaQueryFactory.java:76)
	at org.springframework.data.jpa.repository.query.JpaQueryFactory.fromQueryAnnotation(JpaQueryFactory.java:56)
	at org.springframework.data.jpa.repository.query.JpaQueryLookupStrategy$DeclaredQueryLookupStrategy.resolveQuery(JpaQueryLookupStrategy.java:139)
	at org.springframework.data.jpa.repository.query.JpaQueryLookupStrategy$CreateIfNotFoundQueryLookupStrategy.resolveQuery(JpaQueryLookupStrategy.java:206)
	at org.springframework.data.jpa.repository.query.JpaQueryLookupStrategy$AbstractQueryLookupStrategy.resolveQuery(JpaQueryLookupStrategy.java:79)
	at org.springframework.data.repository.core.support.RepositoryFactorySupport$QueryExecutorMethodInterceptor.lookupQuery(RepositoryFactorySupport.java:565)
	at org.springframework.data.repository.core.support.RepositoryFactorySupport$QueryExecutorMethodInterceptor.lambda$mapMethodsToQuery$1(RepositoryFactorySupport.java:558)
	at java.util.stream.ReferencePipeline$3$1.accept(Unknown Source)
	at java.util.Iterator.forEachRemaining(Unknown Source)
	at java.util.Collections$UnmodifiableCollection$1.forEachRemaining(Unknown Source)
	at java.util.Spliterators$IteratorSpliterator.forEachRemaining(Unknown Source)
	at java.util.stream.AbstractPipeline.copyInto(Unknown Source)
	at java.util.stream.AbstractPipeline.wrapAndCopyInto(Unknown Source)
	at java.util.stream.ReduceOps$ReduceOp.evaluateSequential(Unknown Source)
	at java.util.stream.AbstractPipeline.evaluate(Unknown Source)
	at java.util.stream.ReferencePipeline.collect(Unknown Source)
	at org.springframework.data.repository.core.support.RepositoryFactorySupport$QueryExecutorMethodInterceptor.mapMethodsToQuery(RepositoryFactorySupport.java:560)
	at org.springframework.data.repository.core.support.RepositoryFactorySupport$QueryExecutorMethodInterceptor.lambda$new$0(RepositoryFactorySupport.java:550)
	at java.util.Optional.map(Unknown Source)
	at org.springframework.data.repository.core.support.RepositoryFactorySupport$QueryExecutorMethodInterceptor.<init>(RepositoryFactorySupport.java:550)
	at org.springframework.data.repository.core.support.RepositoryFactorySupport.getRepository(RepositoryFactorySupport.java:323)
	at org.springframework.data.repository.core.support.RepositoryFactoryBeanSupport.lambda$afterPropertiesSet$4(RepositoryFactoryBeanSupport.java:290)
	at org.springframework.data.util.Lazy.getNullable(Lazy.java:141)
	at org.springframework.data.util.Lazy.get(Lazy.java:63)
	at org.springframework.data.repository.core.support.RepositoryFactoryBeanSupport.afterPropertiesSet(RepositoryFactoryBeanSupport.java:293)
	at org.springframework.data.jpa.repository.support.JpaRepositoryFactoryBean.afterPropertiesSet(JpaRepositoryFactoryBean.java:102)
	at org.springframework.beans.factory.support.AbstractAutowireCapableBeanFactory.invokeInitMethods(AbstractAutowireCapableBeanFactory.java:1753)
	at org.springframework.beans.factory.support.AbstractAutowireCapableBeanFactory.initializeBean(AbstractAutowireCapableBeanFactory.java:1690)
	... 29 more
Caused by: java.lang.IllegalArgumentException: org.hibernate.hql.internal.ast.QuerySyntaxException: CustomerUpdateDetail is not mapped [select count(*) from CustomerUpdateDetail cust where cust.user_name=?1]
	at org.hibernate.internal.ExceptionConverterImpl.convert(ExceptionConverterImpl.java:133)
	at org.hibernate.internal.ExceptionConverterImpl.convert(ExceptionConverterImpl.java:157)
	at org.hibernate.internal.ExceptionConverterImpl.convert(ExceptionConverterImpl.java:164)
	at org.hibernate.internal.AbstractSharedSessionContract.createQuery(AbstractSharedSessionContract.java:670)
	at org.hibernate.internal.AbstractSessionImpl.createQuery(AbstractSessionImpl.java:23)
	at sun.reflect.NativeMethodAccessorImpl.invoke0(Native Method)
	at sun.reflect.NativeMethodAccessorImpl.invoke(Unknown Source)
	at sun.reflect.DelegatingMethodAccessorImpl.invoke(Unknown Source)
	at java.lang.reflect.Method.invoke(Unknown Source)
	at org.springframework.orm.jpa.ExtendedEntityManagerCreator$ExtendedEntityManagerInvocationHandler.invoke(ExtendedEntityManagerCreator.java:350)
	at com.sun.proxy.$Proxy94.createQuery(Unknown Source)
	at org.springframework.data.jpa.repository.query.SimpleJpaQuery.validateQuery(SimpleJpaQuery.java:87)
	... 58 more
Caused by: org.hibernate.hql.internal.ast.QuerySyntaxException: CustomerUpdateDetail is not mapped [select count(*) from CustomerUpdateDetail cust where cust.user_name=?1]
	at org.hibernate.hql.internal.ast.QuerySyntaxException.generateQueryException(QuerySyntaxException.java:79)
	at org.hibernate.QueryException.wrapWithQueryString(QueryException.java:103)
	at org.hibernate.hql.internal.ast.QueryTranslatorImpl.doCompile(QueryTranslatorImpl.java:217)
	at org.hibernate.hql.internal.ast.QueryTranslatorImpl.compile(QueryTranslatorImpl.java:141)
	at org.hibernate.engine.query.spi.HQLQueryPlan.<init>(HQLQueryPlan.java:115)
	at org.hibernate.engine.query.spi.HQLQueryPlan.<init>(HQLQueryPlan.java:77)
	at org.hibernate.engine.query.spi.QueryPlanCache.getHQLQueryPlan(QueryPlanCache.java:153)
	at org.hibernate.internal.AbstractSharedSessionContract.getQueryPlan(AbstractSharedSessionContract.java:553)
	at org.hibernate.internal.AbstractSharedSessionContract.createQuery(AbstractSharedSessionContract.java:662)
	... 66 more
Caused by: org.hibernate.hql.internal.ast.QuerySyntaxException: CustomerUpdateDetail is not mapped
	at org.hibernate.hql.internal.ast.util.SessionFactoryHelper.requireClassPersister(SessionFactoryHelper.java:169)
	at org.hibernate.hql.internal.ast.tree.FromElementFactory.addFromElement(FromElementFactory.java:91)
	at org.hibernate.hql.internal.ast.tree.FromClause.addFromElement(FromClause.java:79)
	at org.hibernate.hql.internal.ast.HqlSqlWalker.createFromElement(HqlSqlWalker.java:326)
	at org.hibernate.hql.internal.antlr.HqlSqlBaseWalker.fromElement(HqlSqlBaseWalker.java:3706)
	at org.hibernate.hql.internal.antlr.HqlSqlBaseWalker.fromElementList(HqlSqlBaseWalker.java:3595)
	at org.hibernate.hql.internal.antlr.HqlSqlBaseWalker.fromClause(HqlSqlBaseWalker.java:720)
	at org.hibernate.hql.internal.antlr.HqlSqlBaseWalker.query(HqlSqlBaseWalker.java:576)
	at org.hibernate.hql.internal.antlr.HqlSqlBaseWalker.selectStatement(HqlSqlBaseWalker.java:313)
	at org.hibernate.hql.internal.antlr.HqlSqlBaseWalker.statement(HqlSqlBaseWalker.java:261)
	at org.hibernate.hql.internal.ast.QueryTranslatorImpl.analyze(QueryTranslatorImpl.java:266)
	at org.hibernate.hql.internal.ast.QueryTranslatorImpl.doCompile(QueryTranslatorImpl.java:189)
	... 72 more
2020-08-07 00:21:19.246  INFO user-PC --- [           main] c.R.L.RegisterLoanApplication            : The RegisterLoan app
2020-08-07 00:21:19.252 ERROR user-PC --- [           main] c.R.L.RegisterLoanApplication            : Error level log message
2020-08-07 00:21:20.011  INFO user-PC --- [           main] c.R.L.RegisterLoanApplication            : Starting RegisterLoanApplication on user-PC with PID 6984 (D:\SivaReddyWorkRelated\BalaWork\RegisterLoan\RegisterLoan\target\classes started by user in D:\SivaReddyWorkRelated\BalaWork\RegisterLoan\RegisterLoan)
2020-08-07 00:21:20.012  INFO user-PC --- [           main] c.R.L.RegisterLoanApplication            : No active profile set, falling back to default profiles: default
2020-08-07 00:21:20.105  INFO user-PC --- [           main] ConfigServletWebServerApplicationContext : Refreshing org.springframework.boot.web.servlet.context.AnnotationConfigServletWebServerApplicationContext@6ab778a: startup date [Fri Aug 07 00:21:20 IST 2020]; root of context hierarchy
2020-08-07 00:21:23.320  INFO user-PC --- [           main] trationDelegate$BeanPostProcessorChecker : Bean 'org.springframework.transaction.annotation.ProxyTransactionManagementConfiguration' of type [org.springframework.transaction.annotation.ProxyTransactionManagementConfiguration$$EnhancerBySpringCGLIB$$ac21251d] is not eligible for getting processed by all BeanPostProcessors (for example: not eligible for auto-proxying)
2020-08-07 00:21:24.445  INFO user-PC --- [           main] o.s.b.w.e.t.TomcatWebServer              : Tomcat initialized with port(s): 8084 (http)
2020-08-07 00:21:24.647  INFO user-PC --- [           main] o.a.c.h.Http11NioProtocol                : Initializing ProtocolHandler ["http-nio-8084"]
2020-08-07 00:21:24.681  INFO user-PC --- [           main] o.a.c.c.StandardService                  : Starting service [Tomcat]
2020-08-07 00:21:24.682  INFO user-PC --- [           main] o.a.c.c.StandardEngine                   : Starting Servlet Engine: Apache Tomcat/8.5.34
2020-08-07 00:21:24.700  INFO user-PC --- [ost-startStop-1] o.a.c.c.AprLifecycleListener             : The APR based Apache Tomcat Native library which allows optimal performance in production environments was not found on the java.library.path: [C:\Program Files\Java\jre1.8.0_241\bin;C:\Windows\Sun\Java\bin;C:\Windows\system32;C:\Windows;C:/Program Files/Java/jre1.8.0_241/bin/server;C:/Program Files/Java/jre1.8.0_241/bin;C:/Program Files/Java/jre1.8.0_241/lib/amd64;C:\Program Files (x86)\Common Files\Oracle\Java\javapath;C:\Windows\system32;C:\Windows;C:\Windows\System32\Wbem;C:\Windows\System32\WindowsPowerShell\v1.0\;C:\Program Files\Java\jdk1.8.0_241\bin;E:\WebService jars\apache-maven-3.5.0\bin;C:\Program Files\nodejs\;D:\SpringBootCoursePractise\CLI\spring-2.3.1.RELEASE\bin;;D:\AngularJS\AngularDemo\bin;C:\Users\user\AppData\Roaming\npm;D:\EclipseSoftwares\eclipse;;.]
2020-08-07 00:21:24.922  INFO user-PC --- [ost-startStop-1] o.a.c.c.C.[.[.[/]                        : Initializing Spring embedded WebApplicationContext
2020-08-07 00:21:24.923  INFO user-PC --- [ost-startStop-1] o.s.w.c.ContextLoader                    : Root WebApplicationContext: initialization completed in 4822 ms
2020-08-07 00:21:25.054  INFO user-PC --- [ost-startStop-1] o.s.b.w.s.ServletRegistrationBean        : Servlet dispatcherServlet mapped to [/]
2020-08-07 00:21:25.062  INFO user-PC --- [ost-startStop-1] o.s.b.w.s.FilterRegistrationBean         : Mapping filter: 'characterEncodingFilter' to: [/*]
2020-08-07 00:21:25.062  INFO user-PC --- [ost-startStop-1] o.s.b.w.s.FilterRegistrationBean         : Mapping filter: 'hiddenHttpMethodFilter' to: [/*]
2020-08-07 00:21:25.062  INFO user-PC --- [ost-startStop-1] o.s.b.w.s.FilterRegistrationBean         : Mapping filter: 'httpPutFormContentFilter' to: [/*]
2020-08-07 00:21:25.063  INFO user-PC --- [ost-startStop-1] o.s.b.w.s.FilterRegistrationBean         : Mapping filter: 'requestContextFilter' to: [/*]
2020-08-07 00:21:25.405  INFO user-PC --- [           main] c.z.h.HikariDataSource                   : HikariPool-1 - Starting...
2020-08-07 00:21:26.439  INFO user-PC --- [           main] c.z.h.HikariDataSource                   : HikariPool-1 - Start completed.
2020-08-07 00:21:26.546  INFO user-PC --- [           main] j.LocalContainerEntityManagerFactoryBean : Building JPA container EntityManagerFactory for persistence unit 'default'
2020-08-07 00:21:26.611  INFO user-PC --- [           main] o.h.j.i.u.LogHelper                      : HHH000204: Processing PersistenceUnitInfo [
	name: default
	...]
2020-08-07 00:21:26.844  INFO user-PC --- [           main] o.h.Version                              : HHH000412: Hibernate Core {5.2.17.Final}
2020-08-07 00:21:26.846  INFO user-PC --- [           main] o.h.c.Environment                        : HHH000206: hibernate.properties not found
2020-08-07 00:21:26.909  INFO user-PC --- [           main] o.h.a.c.Version                          : HCANN000001: Hibernate Commons Annotations {5.0.1.Final}
2020-08-07 00:21:27.232  INFO user-PC --- [           main] o.h.d.Dialect                            : HHH000400: Using dialect: org.hibernate.dialect.MySQL5Dialect
2020-08-07 00:21:28.229  INFO user-PC --- [           main] j.LocalContainerEntityManagerFactoryBean : Initialized JPA EntityManagerFactory for persistence unit 'default'
2020-08-07 00:21:28.841  INFO user-PC --- [           main] o.h.h.i.QueryTranslatorFactoryInitiator  : HHH000397: Using ASTQueryTranslatorFactory
2020-08-07 00:21:29.825  WARN user-PC --- [           main] aWebConfiguration$JpaWebMvcConfiguration : spring.jpa.open-in-view is enabled by default. Therefore, database queries may be performed during view rendering. Explicitly configure spring.jpa.open-in-view to disable this warning
2020-08-07 00:21:29.955  INFO user-PC --- [           main] s.w.s.m.m.a.RequestMappingHandlerMapping : Mapped "{[/registerloan],methods=[POST]}" onto public com.Register.Loan.models.RegisterLoanResponse com.Register.Loan.controller.RegisterLoanController.registerloan(com.Register.Loan.models.RegisterLoanDetail) throws java.lang.Exception
2020-08-07 00:21:29.958  INFO user-PC --- [           main] s.w.s.m.m.a.RequestMappingHandlerMapping : Mapped "{[/v2/api-docs],methods=[GET],produces=[application/json || application/hal+json]}" onto public org.springframework.http.ResponseEntity<springfox.documentation.spring.web.json.Json> springfox.documentation.swagger2.web.Swagger2Controller.getDocumentation(java.lang.String,javax.servlet.http.HttpServletRequest)
2020-08-07 00:21:29.963  INFO user-PC --- [           main] s.w.s.m.m.a.RequestMappingHandlerMapping : Mapped "{[/configuration/ui]}" onto org.springframework.http.ResponseEntity<springfox.documentation.swagger.web.UiConfiguration> springfox.documentation.swagger.web.ApiResourceController.uiConfiguration()
2020-08-07 00:21:29.964  INFO user-PC --- [           main] s.w.s.m.m.a.RequestMappingHandlerMapping : Mapped "{[/swagger-resources]}" onto org.springframework.http.ResponseEntity<java.util.List<springfox.documentation.swagger.web.SwaggerResource>> springfox.documentation.swagger.web.ApiResourceController.swaggerResources()
2020-08-07 00:21:29.965  INFO user-PC --- [           main] s.w.s.m.m.a.RequestMappingHandlerMapping : Mapped "{[/configuration/security]}" onto org.springframework.http.ResponseEntity<springfox.documentation.swagger.web.SecurityConfiguration> springfox.documentation.swagger.web.ApiResourceController.securityConfiguration()
2020-08-07 00:21:29.972  INFO user-PC --- [           main] s.w.s.m.m.a.RequestMappingHandlerMapping : Mapped "{[/error]}" onto public org.springframework.http.ResponseEntity<java.util.Map<java.lang.String, java.lang.Object>> org.springframework.boot.autoconfigure.web.servlet.error.BasicErrorController.error(javax.servlet.http.HttpServletRequest)
2020-08-07 00:21:29.973  INFO user-PC --- [           main] s.w.s.m.m.a.RequestMappingHandlerMapping : Mapped "{[/error],produces=[text/html]}" onto public org.springframework.web.servlet.ModelAndView org.springframework.boot.autoconfigure.web.servlet.error.BasicErrorController.errorHtml(javax.servlet.http.HttpServletRequest,javax.servlet.http.HttpServletResponse)
2020-08-07 00:21:30.313  INFO user-PC --- [           main] o.s.w.s.h.SimpleUrlHandlerMapping        : Mapped URL path [/**/favicon.ico] onto handler of type [class org.springframework.web.servlet.resource.ResourceHttpRequestHandler]
2020-08-07 00:21:31.077  INFO user-PC --- [           main] s.w.s.m.m.a.RequestMappingHandlerAdapter : Looking for @ControllerAdvice: org.springframework.boot.web.servlet.context.AnnotationConfigServletWebServerApplicationContext@6ab778a: startup date [Fri Aug 07 00:21:20 IST 2020]; root of context hierarchy
2020-08-07 00:21:31.191  INFO user-PC --- [           main] o.s.w.s.h.SimpleUrlHandlerMapping        : Mapped URL path [/webjars/**] onto handler of type [class org.springframework.web.servlet.resource.ResourceHttpRequestHandler]
2020-08-07 00:21:31.191  INFO user-PC --- [           main] o.s.w.s.h.SimpleUrlHandlerMapping        : Mapped URL path [/**] onto handler of type [class org.springframework.web.servlet.resource.ResourceHttpRequestHandler]
2020-08-07 00:21:31.721  INFO user-PC --- [           main] o.s.j.e.a.AnnotationMBeanExporter        : Registering beans for JMX exposure on startup
2020-08-07 00:21:31.727  INFO user-PC --- [           main] o.s.j.e.a.AnnotationMBeanExporter        : Bean with name 'dataSource' has been autodetected for JMX exposure
2020-08-07 00:21:31.745  INFO user-PC --- [           main] o.s.j.e.a.AnnotationMBeanExporter        : Located MBean 'dataSource': registering with JMX server as MBean [com.zaxxer.hikari:name=dataSource,type=HikariDataSource]
2020-08-07 00:21:31.771  INFO user-PC --- [           main] d.s.w.p.DocumentationPluginsBootstrapper : Context refreshed
2020-08-07 00:21:31.834  INFO user-PC --- [           main] d.s.w.p.DocumentationPluginsBootstrapper : Found 1 custom documentation plugin(s)
2020-08-07 00:21:31.850  INFO user-PC --- [           main] s.d.s.w.s.ApiListingReferenceScanner     : Scanning for api listing references
2020-08-07 00:21:32.202  INFO user-PC --- [           main] o.a.c.h.Http11NioProtocol                : Starting ProtocolHandler ["http-nio-8084"]
2020-08-07 00:21:32.253  INFO user-PC --- [           main] o.a.t.u.n.NioSelectorPool                : Using a shared selector for servlet write/read
2020-08-07 00:21:32.278  INFO user-PC --- [           main] o.s.b.w.e.t.TomcatWebServer              : Tomcat started on port(s): 8084 (http) with context path ''
2020-08-07 00:21:32.285  INFO user-PC --- [           main] c.R.L.RegisterLoanApplication            : Started RegisterLoanApplication in 12.849 seconds (JVM running for 14.188)
2020-08-07 00:22:06.172  INFO user-PC --- [           main] c.R.L.RegisterLoanApplication            : The RegisterLoan app
2020-08-07 00:22:06.177 ERROR user-PC --- [           main] c.R.L.RegisterLoanApplication            : Error level log message
2020-08-07 00:22:06.955  INFO user-PC --- [           main] c.R.L.RegisterLoanApplication            : Starting RegisterLoanApplication on user-PC with PID 1468 (D:\SivaReddyWorkRelated\BalaWork\RegisterLoan\RegisterLoan\target\classes started by user in D:\SivaReddyWorkRelated\BalaWork\RegisterLoan\RegisterLoan)
2020-08-07 00:22:06.957  INFO user-PC --- [           main] c.R.L.RegisterLoanApplication            : No active profile set, falling back to default profiles: default
2020-08-07 00:22:07.054  INFO user-PC --- [           main] ConfigServletWebServerApplicationContext : Refreshing org.springframework.boot.web.servlet.context.AnnotationConfigServletWebServerApplicationContext@6aaceffd: startup date [Fri Aug 07 00:22:07 IST 2020]; root of context hierarchy
2020-08-07 00:22:10.015  INFO user-PC --- [           main] trationDelegate$BeanPostProcessorChecker : Bean 'org.springframework.transaction.annotation.ProxyTransactionManagementConfiguration' of type [org.springframework.transaction.annotation.ProxyTransactionManagementConfiguration$$EnhancerBySpringCGLIB$$49e77b91] is not eligible for getting processed by all BeanPostProcessors (for example: not eligible for auto-proxying)
2020-08-07 00:22:11.255  INFO user-PC --- [           main] o.s.b.w.e.t.TomcatWebServer              : Tomcat initialized with port(s): 8084 (http)
2020-08-07 00:22:11.422  INFO user-PC --- [           main] o.a.c.h.Http11NioProtocol                : Initializing ProtocolHandler ["http-nio-8084"]
2020-08-07 00:22:11.450  INFO user-PC --- [           main] o.a.c.c.StandardService                  : Starting service [Tomcat]
2020-08-07 00:22:11.451  INFO user-PC --- [           main] o.a.c.c.StandardEngine                   : Starting Servlet Engine: Apache Tomcat/8.5.34
2020-08-07 00:22:11.473  INFO user-PC --- [ost-startStop-1] o.a.c.c.AprLifecycleListener             : The APR based Apache Tomcat Native library which allows optimal performance in production environments was not found on the java.library.path: [C:\Program Files\Java\jre1.8.0_241\bin;C:\Windows\Sun\Java\bin;C:\Windows\system32;C:\Windows;C:/Program Files/Java/jre1.8.0_241/bin/server;C:/Program Files/Java/jre1.8.0_241/bin;C:/Program Files/Java/jre1.8.0_241/lib/amd64;C:\Program Files (x86)\Common Files\Oracle\Java\javapath;C:\Windows\system32;C:\Windows;C:\Windows\System32\Wbem;C:\Windows\System32\WindowsPowerShell\v1.0\;C:\Program Files\Java\jdk1.8.0_241\bin;E:\WebService jars\apache-maven-3.5.0\bin;C:\Program Files\nodejs\;D:\SpringBootCoursePractise\CLI\spring-2.3.1.RELEASE\bin;;D:\AngularJS\AngularDemo\bin;C:\Users\user\AppData\Roaming\npm;D:\EclipseSoftwares\eclipse;;.]
2020-08-07 00:22:11.766  INFO user-PC --- [ost-startStop-1] o.a.c.c.C.[.[.[/]                        : Initializing Spring embedded WebApplicationContext
2020-08-07 00:22:11.767  INFO user-PC --- [ost-startStop-1] o.s.w.c.ContextLoader                    : Root WebApplicationContext: initialization completed in 4717 ms
2020-08-07 00:22:11.904  INFO user-PC --- [ost-startStop-1] o.s.b.w.s.ServletRegistrationBean        : Servlet dispatcherServlet mapped to [/]
2020-08-07 00:22:11.910  INFO user-PC --- [ost-startStop-1] o.s.b.w.s.FilterRegistrationBean         : Mapping filter: 'characterEncodingFilter' to: [/*]
2020-08-07 00:22:11.910  INFO user-PC --- [ost-startStop-1] o.s.b.w.s.FilterRegistrationBean         : Mapping filter: 'hiddenHttpMethodFilter' to: [/*]
2020-08-07 00:22:11.911  INFO user-PC --- [ost-startStop-1] o.s.b.w.s.FilterRegistrationBean         : Mapping filter: 'httpPutFormContentFilter' to: [/*]
2020-08-07 00:22:11.911  INFO user-PC --- [ost-startStop-1] o.s.b.w.s.FilterRegistrationBean         : Mapping filter: 'requestContextFilter' to: [/*]
2020-08-07 00:22:12.242  INFO user-PC --- [           main] c.z.h.HikariDataSource                   : HikariPool-1 - Starting...
2020-08-07 00:22:13.174  INFO user-PC --- [           main] c.z.h.HikariDataSource                   : HikariPool-1 - Start completed.
2020-08-07 00:22:13.255  INFO user-PC --- [           main] j.LocalContainerEntityManagerFactoryBean : Building JPA container EntityManagerFactory for persistence unit 'default'
2020-08-07 00:22:13.283  INFO user-PC --- [           main] o.h.j.i.u.LogHelper                      : HHH000204: Processing PersistenceUnitInfo [
	name: default
	...]
2020-08-07 00:22:13.488  INFO user-PC --- [           main] o.h.Version                              : HHH000412: Hibernate Core {5.2.17.Final}
2020-08-07 00:22:13.492  INFO user-PC --- [           main] o.h.c.Environment                        : HHH000206: hibernate.properties not found
2020-08-07 00:22:13.575  INFO user-PC --- [           main] o.h.a.c.Version                          : HCANN000001: Hibernate Commons Annotations {5.0.1.Final}
2020-08-07 00:22:13.925  INFO user-PC --- [           main] o.h.d.Dialect                            : HHH000400: Using dialect: org.hibernate.dialect.MySQL5Dialect
2020-08-07 00:22:14.931  INFO user-PC --- [           main] j.LocalContainerEntityManagerFactoryBean : Initialized JPA EntityManagerFactory for persistence unit 'default'
2020-08-07 00:22:15.844  INFO user-PC --- [           main] o.h.h.i.QueryTranslatorFactoryInitiator  : HHH000397: Using ASTQueryTranslatorFactory
2020-08-07 00:22:16.830  WARN user-PC --- [           main] aWebConfiguration$JpaWebMvcConfiguration : spring.jpa.open-in-view is enabled by default. Therefore, database queries may be performed during view rendering. Explicitly configure spring.jpa.open-in-view to disable this warning
2020-08-07 00:22:16.982  INFO user-PC --- [           main] s.w.s.m.m.a.RequestMappingHandlerMapping : Mapped "{[/registerloan],methods=[POST]}" onto public com.Register.Loan.models.RegisterLoanResponse com.Register.Loan.controller.RegisterLoanController.registerloan(com.Register.Loan.models.RegisterLoanDetail) throws java.lang.Exception
2020-08-07 00:22:16.987  INFO user-PC --- [           main] s.w.s.m.m.a.RequestMappingHandlerMapping : Mapped "{[/v2/api-docs],methods=[GET],produces=[application/json || application/hal+json]}" onto public org.springframework.http.ResponseEntity<springfox.documentation.spring.web.json.Json> springfox.documentation.swagger2.web.Swagger2Controller.getDocumentation(java.lang.String,javax.servlet.http.HttpServletRequest)
2020-08-07 00:22:16.992  INFO user-PC --- [           main] s.w.s.m.m.a.RequestMappingHandlerMapping : Mapped "{[/configuration/security]}" onto org.springframework.http.ResponseEntity<springfox.documentation.swagger.web.SecurityConfiguration> springfox.documentation.swagger.web.ApiResourceController.securityConfiguration()
2020-08-07 00:22:16.994  INFO user-PC --- [           main] s.w.s.m.m.a.RequestMappingHandlerMapping : Mapped "{[/configuration/ui]}" onto org.springframework.http.ResponseEntity<springfox.documentation.swagger.web.UiConfiguration> springfox.documentation.swagger.web.ApiResourceController.uiConfiguration()
2020-08-07 00:22:16.995  INFO user-PC --- [           main] s.w.s.m.m.a.RequestMappingHandlerMapping : Mapped "{[/swagger-resources]}" onto org.springframework.http.ResponseEntity<java.util.List<springfox.documentation.swagger.web.SwaggerResource>> springfox.documentation.swagger.web.ApiResourceController.swaggerResources()
2020-08-07 00:22:17.001  INFO user-PC --- [           main] s.w.s.m.m.a.RequestMappingHandlerMapping : Mapped "{[/error]}" onto public org.springframework.http.ResponseEntity<java.util.Map<java.lang.String, java.lang.Object>> org.springframework.boot.autoconfigure.web.servlet.error.BasicErrorController.error(javax.servlet.http.HttpServletRequest)
2020-08-07 00:22:17.002  INFO user-PC --- [           main] s.w.s.m.m.a.RequestMappingHandlerMapping : Mapped "{[/error],produces=[text/html]}" onto public org.springframework.web.servlet.ModelAndView org.springframework.boot.autoconfigure.web.servlet.error.BasicErrorController.errorHtml(javax.servlet.http.HttpServletRequest,javax.servlet.http.HttpServletResponse)
2020-08-07 00:22:17.314  INFO user-PC --- [           main] o.s.w.s.h.SimpleUrlHandlerMapping        : Mapped URL path [/**/favicon.ico] onto handler of type [class org.springframework.web.servlet.resource.ResourceHttpRequestHandler]
2020-08-07 00:22:18.103  INFO user-PC --- [           main] s.w.s.m.m.a.RequestMappingHandlerAdapter : Looking for @ControllerAdvice: org.springframework.boot.web.servlet.context.AnnotationConfigServletWebServerApplicationContext@6aaceffd: startup date [Fri Aug 07 00:22:07 IST 2020]; root of context hierarchy
2020-08-07 00:22:18.214  INFO user-PC --- [           main] o.s.w.s.h.SimpleUrlHandlerMapping        : Mapped URL path [/webjars/**] onto handler of type [class org.springframework.web.servlet.resource.ResourceHttpRequestHandler]
2020-08-07 00:22:18.214  INFO user-PC --- [           main] o.s.w.s.h.SimpleUrlHandlerMapping        : Mapped URL path [/**] onto handler of type [class org.springframework.web.servlet.resource.ResourceHttpRequestHandler]
2020-08-07 00:22:18.735  INFO user-PC --- [           main] o.s.j.e.a.AnnotationMBeanExporter        : Registering beans for JMX exposure on startup
2020-08-07 00:22:18.738  INFO user-PC --- [           main] o.s.j.e.a.AnnotationMBeanExporter        : Bean with name 'dataSource' has been autodetected for JMX exposure
2020-08-07 00:22:18.752  INFO user-PC --- [           main] o.s.j.e.a.AnnotationMBeanExporter        : Located MBean 'dataSource': registering with JMX server as MBean [com.zaxxer.hikari:name=dataSource,type=HikariDataSource]
2020-08-07 00:22:18.773  INFO user-PC --- [           main] d.s.w.p.DocumentationPluginsBootstrapper : Context refreshed
2020-08-07 00:22:18.818  INFO user-PC --- [           main] d.s.w.p.DocumentationPluginsBootstrapper : Found 1 custom documentation plugin(s)
2020-08-07 00:22:18.837  INFO user-PC --- [           main] s.d.s.w.s.ApiListingReferenceScanner     : Scanning for api listing references
2020-08-07 00:22:19.215  INFO user-PC --- [           main] o.a.c.h.Http11NioProtocol                : Starting ProtocolHandler ["http-nio-8084"]
2020-08-07 00:22:19.235  INFO user-PC --- [           main] o.a.t.u.n.NioSelectorPool                : Using a shared selector for servlet write/read
2020-08-07 00:22:19.260  INFO user-PC --- [           main] o.s.b.w.e.t.TomcatWebServer              : Tomcat started on port(s): 8084 (http) with context path ''
2020-08-07 00:22:19.266  INFO user-PC --- [           main] c.R.L.RegisterLoanApplication            : Started RegisterLoanApplication in 12.909 seconds (JVM running for 14.109)
2020-08-07 00:22:59.264  INFO user-PC --- [           main] c.R.L.RegisterLoanApplication            : The RegisterLoan app
2020-08-07 00:22:59.270 ERROR user-PC --- [           main] c.R.L.RegisterLoanApplication            : Error level log message
2020-08-07 00:22:59.958  INFO user-PC --- [           main] c.R.L.RegisterLoanApplication            : Starting RegisterLoanApplication on user-PC with PID 1620 (D:\SivaReddyWorkRelated\BalaWork\RegisterLoan\RegisterLoan\target\classes started by user in D:\SivaReddyWorkRelated\BalaWork\RegisterLoan\RegisterLoan)
2020-08-07 00:22:59.960  INFO user-PC --- [           main] c.R.L.RegisterLoanApplication            : No active profile set, falling back to default profiles: default
2020-08-07 00:23:00.068  INFO user-PC --- [           main] ConfigServletWebServerApplicationContext : Refreshing org.springframework.boot.web.servlet.context.AnnotationConfigServletWebServerApplicationContext@63070bab: startup date [Fri Aug 07 00:23:00 IST 2020]; root of context hierarchy
2020-08-07 00:23:03.149  INFO user-PC --- [           main] trationDelegate$BeanPostProcessorChecker : Bean 'org.springframework.transaction.annotation.ProxyTransactionManagementConfiguration' of type [org.springframework.transaction.annotation.ProxyTransactionManagementConfiguration$$EnhancerBySpringCGLIB$$ab712e35] is not eligible for getting processed by all BeanPostProcessors (for example: not eligible for auto-proxying)
2020-08-07 00:23:04.282  INFO user-PC --- [           main] o.s.b.w.e.t.TomcatWebServer              : Tomcat initialized with port(s): 8084 (http)
2020-08-07 00:23:04.464  INFO user-PC --- [           main] o.a.c.h.Http11NioProtocol                : Initializing ProtocolHandler ["http-nio-8084"]
2020-08-07 00:23:04.488  INFO user-PC --- [           main] o.a.c.c.StandardService                  : Starting service [Tomcat]
2020-08-07 00:23:04.489  INFO user-PC --- [           main] o.a.c.c.StandardEngine                   : Starting Servlet Engine: Apache Tomcat/8.5.34
2020-08-07 00:23:04.506  INFO user-PC --- [ost-startStop-1] o.a.c.c.AprLifecycleListener             : The APR based Apache Tomcat Native library which allows optimal performance in production environments was not found on the java.library.path: [C:\Program Files\Java\jre1.8.0_241\bin;C:\Windows\Sun\Java\bin;C:\Windows\system32;C:\Windows;C:/Program Files/Java/jre1.8.0_241/bin/server;C:/Program Files/Java/jre1.8.0_241/bin;C:/Program Files/Java/jre1.8.0_241/lib/amd64;C:\Program Files (x86)\Common Files\Oracle\Java\javapath;C:\Windows\system32;C:\Windows;C:\Windows\System32\Wbem;C:\Windows\System32\WindowsPowerShell\v1.0\;C:\Program Files\Java\jdk1.8.0_241\bin;E:\WebService jars\apache-maven-3.5.0\bin;C:\Program Files\nodejs\;D:\SpringBootCoursePractise\CLI\spring-2.3.1.RELEASE\bin;;D:\AngularJS\AngularDemo\bin;C:\Users\user\AppData\Roaming\npm;D:\EclipseSoftwares\eclipse;;.]
2020-08-07 00:23:04.713  INFO user-PC --- [ost-startStop-1] o.a.c.c.C.[.[.[/]                        : Initializing Spring embedded WebApplicationContext
2020-08-07 00:23:04.714  INFO user-PC --- [ost-startStop-1] o.s.w.c.ContextLoader                    : Root WebApplicationContext: initialization completed in 4646 ms
2020-08-07 00:23:04.841  INFO user-PC --- [ost-startStop-1] o.s.b.w.s.ServletRegistrationBean        : Servlet dispatcherServlet mapped to [/]
2020-08-07 00:23:04.848  INFO user-PC --- [ost-startStop-1] o.s.b.w.s.FilterRegistrationBean         : Mapping filter: 'characterEncodingFilter' to: [/*]
2020-08-07 00:23:04.849  INFO user-PC --- [ost-startStop-1] o.s.b.w.s.FilterRegistrationBean         : Mapping filter: 'hiddenHttpMethodFilter' to: [/*]
2020-08-07 00:23:04.849  INFO user-PC --- [ost-startStop-1] o.s.b.w.s.FilterRegistrationBean         : Mapping filter: 'httpPutFormContentFilter' to: [/*]
2020-08-07 00:23:04.849  INFO user-PC --- [ost-startStop-1] o.s.b.w.s.FilterRegistrationBean         : Mapping filter: 'requestContextFilter' to: [/*]
2020-08-07 00:23:05.141  INFO user-PC --- [           main] c.z.h.HikariDataSource                   : HikariPool-1 - Starting...
2020-08-07 00:23:06.246  INFO user-PC --- [           main] c.z.h.HikariDataSource                   : HikariPool-1 - Start completed.
2020-08-07 00:23:06.345  INFO user-PC --- [           main] j.LocalContainerEntityManagerFactoryBean : Building JPA container EntityManagerFactory for persistence unit 'default'
2020-08-07 00:23:06.390  INFO user-PC --- [           main] o.h.j.i.u.LogHelper                      : HHH000204: Processing PersistenceUnitInfo [
	name: default
	...]
2020-08-07 00:23:06.630  INFO user-PC --- [           main] o.h.Version                              : HHH000412: Hibernate Core {5.2.17.Final}
2020-08-07 00:23:06.633  INFO user-PC --- [           main] o.h.c.Environment                        : HHH000206: hibernate.properties not found
2020-08-07 00:23:06.787  INFO user-PC --- [           main] o.h.a.c.Version                          : HCANN000001: Hibernate Commons Annotations {5.0.1.Final}
2020-08-07 00:23:07.129  INFO user-PC --- [           main] o.h.d.Dialect                            : HHH000400: Using dialect: org.hibernate.dialect.MySQL5Dialect
2020-08-07 00:23:08.121  INFO user-PC --- [           main] j.LocalContainerEntityManagerFactoryBean : Initialized JPA EntityManagerFactory for persistence unit 'default'
2020-08-07 00:23:08.711  INFO user-PC --- [           main] o.h.h.i.QueryTranslatorFactoryInitiator  : HHH000397: Using ASTQueryTranslatorFactory
2020-08-07 00:23:09.630  WARN user-PC --- [           main] aWebConfiguration$JpaWebMvcConfiguration : spring.jpa.open-in-view is enabled by default. Therefore, database queries may be performed during view rendering. Explicitly configure spring.jpa.open-in-view to disable this warning
2020-08-07 00:23:09.788  INFO user-PC --- [           main] s.w.s.m.m.a.RequestMappingHandlerMapping : Mapped "{[/registerloan],methods=[POST]}" onto public com.Register.Loan.models.RegisterLoanResponse com.Register.Loan.controller.RegisterLoanController.registerloan(com.Register.Loan.models.RegisterLoanDetail) throws java.lang.Exception
2020-08-07 00:23:09.793  INFO user-PC --- [           main] s.w.s.m.m.a.RequestMappingHandlerMapping : Mapped "{[/v2/api-docs],methods=[GET],produces=[application/json || application/hal+json]}" onto public org.springframework.http.ResponseEntity<springfox.documentation.spring.web.json.Json> springfox.documentation.swagger2.web.Swagger2Controller.getDocumentation(java.lang.String,javax.servlet.http.HttpServletRequest)
2020-08-07 00:23:09.801  INFO user-PC --- [           main] s.w.s.m.m.a.RequestMappingHandlerMapping : Mapped "{[/configuration/security]}" onto org.springframework.http.ResponseEntity<springfox.documentation.swagger.web.SecurityConfiguration> springfox.documentation.swagger.web.ApiResourceController.securityConfiguration()
2020-08-07 00:23:09.803  INFO user-PC --- [           main] s.w.s.m.m.a.RequestMappingHandlerMapping : Mapped "{[/configuration/ui]}" onto org.springframework.http.ResponseEntity<springfox.documentation.swagger.web.UiConfiguration> springfox.documentation.swagger.web.ApiResourceController.uiConfiguration()
2020-08-07 00:23:09.805  INFO user-PC --- [           main] s.w.s.m.m.a.RequestMappingHandlerMapping : Mapped "{[/swagger-resources]}" onto org.springframework.http.ResponseEntity<java.util.List<springfox.documentation.swagger.web.SwaggerResource>> springfox.documentation.swagger.web.ApiResourceController.swaggerResources()
2020-08-07 00:23:09.811  INFO user-PC --- [           main] s.w.s.m.m.a.RequestMappingHandlerMapping : Mapped "{[/error]}" onto public org.springframework.http.ResponseEntity<java.util.Map<java.lang.String, java.lang.Object>> org.springframework.boot.autoconfigure.web.servlet.error.BasicErrorController.error(javax.servlet.http.HttpServletRequest)
2020-08-07 00:23:09.813  INFO user-PC --- [           main] s.w.s.m.m.a.RequestMappingHandlerMapping : Mapped "{[/error],produces=[text/html]}" onto public org.springframework.web.servlet.ModelAndView org.springframework.boot.autoconfigure.web.servlet.error.BasicErrorController.errorHtml(javax.servlet.http.HttpServletRequest,javax.servlet.http.HttpServletResponse)
2020-08-07 00:23:10.157  INFO user-PC --- [           main] o.s.w.s.h.SimpleUrlHandlerMapping        : Mapped URL path [/**/favicon.ico] onto handler of type [class org.springframework.web.servlet.resource.ResourceHttpRequestHandler]
2020-08-07 00:23:10.776  INFO user-PC --- [           main] s.w.s.m.m.a.RequestMappingHandlerAdapter : Looking for @ControllerAdvice: org.springframework.boot.web.servlet.context.AnnotationConfigServletWebServerApplicationContext@63070bab: startup date [Fri Aug 07 00:23:00 IST 2020]; root of context hierarchy
2020-08-07 00:23:10.886  INFO user-PC --- [           main] o.s.w.s.h.SimpleUrlHandlerMapping        : Mapped URL path [/webjars/**] onto handler of type [class org.springframework.web.servlet.resource.ResourceHttpRequestHandler]
2020-08-07 00:23:10.886  INFO user-PC --- [           main] o.s.w.s.h.SimpleUrlHandlerMapping        : Mapped URL path [/**] onto handler of type [class org.springframework.web.servlet.resource.ResourceHttpRequestHandler]
2020-08-07 00:23:11.397  INFO user-PC --- [           main] o.s.j.e.a.AnnotationMBeanExporter        : Registering beans for JMX exposure on startup
2020-08-07 00:23:11.401  INFO user-PC --- [           main] o.s.j.e.a.AnnotationMBeanExporter        : Bean with name 'dataSource' has been autodetected for JMX exposure
2020-08-07 00:23:11.414  INFO user-PC --- [           main] o.s.j.e.a.AnnotationMBeanExporter        : Located MBean 'dataSource': registering with JMX server as MBean [com.zaxxer.hikari:name=dataSource,type=HikariDataSource]
2020-08-07 00:23:11.432  INFO user-PC --- [           main] d.s.w.p.DocumentationPluginsBootstrapper : Context refreshed
2020-08-07 00:23:11.467  INFO user-PC --- [           main] d.s.w.p.DocumentationPluginsBootstrapper : Found 1 custom documentation plugin(s)
2020-08-07 00:23:11.483  INFO user-PC --- [           main] s.d.s.w.s.ApiListingReferenceScanner     : Scanning for api listing references
2020-08-07 00:23:11.819  INFO user-PC --- [           main] o.a.c.h.Http11NioProtocol                : Starting ProtocolHandler ["http-nio-8084"]
2020-08-07 00:23:11.836  INFO user-PC --- [           main] o.a.t.u.n.NioSelectorPool                : Using a shared selector for servlet write/read
2020-08-07 00:23:11.857  INFO user-PC --- [           main] o.s.b.w.e.t.TomcatWebServer              : Tomcat started on port(s): 8084 (http) with context path ''
2020-08-07 00:23:11.864  INFO user-PC --- [           main] c.R.L.RegisterLoanApplication            : Started RegisterLoanApplication in 12.418 seconds (JVM running for 13.752)
2020-08-07 00:24:14.655  INFO user-PC --- [           main] c.R.L.RegisterLoanApplication            : The RegisterLoan app
2020-08-07 00:24:14.662 ERROR user-PC --- [           main] c.R.L.RegisterLoanApplication            : Error level log message
2020-08-07 00:24:15.421  INFO user-PC --- [           main] c.R.L.RegisterLoanApplication            : Starting RegisterLoanApplication on user-PC with PID 3276 (D:\SivaReddyWorkRelated\BalaWork\RegisterLoan\RegisterLoan\target\classes started by user in D:\SivaReddyWorkRelated\BalaWork\RegisterLoan\RegisterLoan)
2020-08-07 00:24:15.423  INFO user-PC --- [           main] c.R.L.RegisterLoanApplication            : No active profile set, falling back to default profiles: default
2020-08-07 00:24:15.510  INFO user-PC --- [           main] ConfigServletWebServerApplicationContext : Refreshing org.springframework.boot.web.servlet.context.AnnotationConfigServletWebServerApplicationContext@6aaceffd: startup date [Fri Aug 07 00:24:15 IST 2020]; root of context hierarchy
2020-08-07 00:24:18.472  INFO user-PC --- [           main] trationDelegate$BeanPostProcessorChecker : Bean 'org.springframework.transaction.annotation.ProxyTransactionManagementConfiguration' of type [org.springframework.transaction.annotation.ProxyTransactionManagementConfiguration$$EnhancerBySpringCGLIB$$8585e1ec] is not eligible for getting processed by all BeanPostProcessors (for example: not eligible for auto-proxying)
2020-08-07 00:24:19.823  INFO user-PC --- [           main] o.s.b.w.e.t.TomcatWebServer              : Tomcat initialized with port(s): 8084 (http)
2020-08-07 00:24:19.974  INFO user-PC --- [           main] o.a.c.h.Http11NioProtocol                : Initializing ProtocolHandler ["http-nio-8084"]
2020-08-07 00:24:20.000  INFO user-PC --- [           main] o.a.c.c.StandardService                  : Starting service [Tomcat]
2020-08-07 00:24:20.001  INFO user-PC --- [           main] o.a.c.c.StandardEngine                   : Starting Servlet Engine: Apache Tomcat/8.5.34
2020-08-07 00:24:20.019  INFO user-PC --- [ost-startStop-1] o.a.c.c.AprLifecycleListener             : The APR based Apache Tomcat Native library which allows optimal performance in production environments was not found on the java.library.path: [C:\Program Files\Java\jre1.8.0_241\bin;C:\Windows\Sun\Java\bin;C:\Windows\system32;C:\Windows;C:/Program Files/Java/jre1.8.0_241/bin/server;C:/Program Files/Java/jre1.8.0_241/bin;C:/Program Files/Java/jre1.8.0_241/lib/amd64;C:\Program Files (x86)\Common Files\Oracle\Java\javapath;C:\Windows\system32;C:\Windows;C:\Windows\System32\Wbem;C:\Windows\System32\WindowsPowerShell\v1.0\;C:\Program Files\Java\jdk1.8.0_241\bin;E:\WebService jars\apache-maven-3.5.0\bin;C:\Program Files\nodejs\;D:\SpringBootCoursePractise\CLI\spring-2.3.1.RELEASE\bin;;D:\AngularJS\AngularDemo\bin;C:\Users\user\AppData\Roaming\npm;D:\EclipseSoftwares\eclipse;;.]
2020-08-07 00:24:20.284  INFO user-PC --- [ost-startStop-1] o.a.c.c.C.[.[.[/]                        : Initializing Spring embedded WebApplicationContext
2020-08-07 00:24:20.285  INFO user-PC --- [ost-startStop-1] o.s.w.c.ContextLoader                    : Root WebApplicationContext: initialization completed in 4775 ms
2020-08-07 00:24:20.425  INFO user-PC --- [ost-startStop-1] o.s.b.w.s.ServletRegistrationBean        : Servlet dispatcherServlet mapped to [/]
2020-08-07 00:24:20.432  INFO user-PC --- [ost-startStop-1] o.s.b.w.s.FilterRegistrationBean         : Mapping filter: 'characterEncodingFilter' to: [/*]
2020-08-07 00:24:20.433  INFO user-PC --- [ost-startStop-1] o.s.b.w.s.FilterRegistrationBean         : Mapping filter: 'hiddenHttpMethodFilter' to: [/*]
2020-08-07 00:24:20.433  INFO user-PC --- [ost-startStop-1] o.s.b.w.s.FilterRegistrationBean         : Mapping filter: 'httpPutFormContentFilter' to: [/*]
2020-08-07 00:24:20.433  INFO user-PC --- [ost-startStop-1] o.s.b.w.s.FilterRegistrationBean         : Mapping filter: 'requestContextFilter' to: [/*]
2020-08-07 00:24:20.749  INFO user-PC --- [           main] c.z.h.HikariDataSource                   : HikariPool-1 - Starting...
2020-08-07 00:24:21.863  INFO user-PC --- [           main] c.z.h.HikariDataSource                   : HikariPool-1 - Start completed.
2020-08-07 00:24:21.956  INFO user-PC --- [           main] j.LocalContainerEntityManagerFactoryBean : Building JPA container EntityManagerFactory for persistence unit 'default'
2020-08-07 00:24:22.000  INFO user-PC --- [           main] o.h.j.i.u.LogHelper                      : HHH000204: Processing PersistenceUnitInfo [
	name: default
	...]
2020-08-07 00:24:22.205  INFO user-PC --- [           main] o.h.Version                              : HHH000412: Hibernate Core {5.2.17.Final}
2020-08-07 00:24:22.208  INFO user-PC --- [           main] o.h.c.Environment                        : HHH000206: hibernate.properties not found
2020-08-07 00:24:22.371  INFO user-PC --- [           main] o.h.a.c.Version                          : HCANN000001: Hibernate Commons Annotations {5.0.1.Final}
2020-08-07 00:24:22.703  INFO user-PC --- [           main] o.h.d.Dialect                            : HHH000400: Using dialect: org.hibernate.dialect.MySQL5Dialect
2020-08-07 00:24:23.667  INFO user-PC --- [           main] j.LocalContainerEntityManagerFactoryBean : Initialized JPA EntityManagerFactory for persistence unit 'default'
2020-08-07 00:24:24.284  INFO user-PC --- [           main] o.h.h.i.QueryTranslatorFactoryInitiator  : HHH000397: Using ASTQueryTranslatorFactory
2020-08-07 00:24:25.618  WARN user-PC --- [           main] aWebConfiguration$JpaWebMvcConfiguration : spring.jpa.open-in-view is enabled by default. Therefore, database queries may be performed during view rendering. Explicitly configure spring.jpa.open-in-view to disable this warning
2020-08-07 00:24:25.757  INFO user-PC --- [           main] s.w.s.m.m.a.RequestMappingHandlerMapping : Mapped "{[/registerloan],methods=[POST]}" onto public com.Register.Loan.models.RegisterLoanResponse com.Register.Loan.controller.RegisterLoanController.registerloan(com.Register.Loan.models.RegisterLoanDetail) throws java.lang.Exception
2020-08-07 00:24:25.761  INFO user-PC --- [           main] s.w.s.m.m.a.RequestMappingHandlerMapping : Mapped "{[/v2/api-docs],methods=[GET],produces=[application/json || application/hal+json]}" onto public org.springframework.http.ResponseEntity<springfox.documentation.spring.web.json.Json> springfox.documentation.swagger2.web.Swagger2Controller.getDocumentation(java.lang.String,javax.servlet.http.HttpServletRequest)
2020-08-07 00:24:25.766  INFO user-PC --- [           main] s.w.s.m.m.a.RequestMappingHandlerMapping : Mapped "{[/configuration/security]}" onto org.springframework.http.ResponseEntity<springfox.documentation.swagger.web.SecurityConfiguration> springfox.documentation.swagger.web.ApiResourceController.securityConfiguration()
2020-08-07 00:24:25.767  INFO user-PC --- [           main] s.w.s.m.m.a.RequestMappingHandlerMapping : Mapped "{[/configuration/ui]}" onto org.springframework.http.ResponseEntity<springfox.documentation.swagger.web.UiConfiguration> springfox.documentation.swagger.web.ApiResourceController.uiConfiguration()
2020-08-07 00:24:25.769  INFO user-PC --- [           main] s.w.s.m.m.a.RequestMappingHandlerMapping : Mapped "{[/swagger-resources]}" onto org.springframework.http.ResponseEntity<java.util.List<springfox.documentation.swagger.web.SwaggerResource>> springfox.documentation.swagger.web.ApiResourceController.swaggerResources()
2020-08-07 00:24:25.776  INFO user-PC --- [           main] s.w.s.m.m.a.RequestMappingHandlerMapping : Mapped "{[/error]}" onto public org.springframework.http.ResponseEntity<java.util.Map<java.lang.String, java.lang.Object>> org.springframework.boot.autoconfigure.web.servlet.error.BasicErrorController.error(javax.servlet.http.HttpServletRequest)
2020-08-07 00:24:25.777  INFO user-PC --- [           main] s.w.s.m.m.a.RequestMappingHandlerMapping : Mapped "{[/error],produces=[text/html]}" onto public org.springframework.web.servlet.ModelAndView org.springframework.boot.autoconfigure.web.servlet.error.BasicErrorController.errorHtml(javax.servlet.http.HttpServletRequest,javax.servlet.http.HttpServletResponse)
2020-08-07 00:24:26.506  INFO user-PC --- [           main] o.s.w.s.h.SimpleUrlHandlerMapping        : Mapped URL path [/**/favicon.ico] onto handler of type [class org.springframework.web.servlet.resource.ResourceHttpRequestHandler]
2020-08-07 00:24:26.854  INFO user-PC --- [           main] s.w.s.m.m.a.RequestMappingHandlerAdapter : Looking for @ControllerAdvice: org.springframework.boot.web.servlet.context.AnnotationConfigServletWebServerApplicationContext@6aaceffd: startup date [Fri Aug 07 00:24:15 IST 2020]; root of context hierarchy
2020-08-07 00:24:26.968  INFO user-PC --- [           main] o.s.w.s.h.SimpleUrlHandlerMapping        : Mapped URL path [/webjars/**] onto handler of type [class org.springframework.web.servlet.resource.ResourceHttpRequestHandler]
2020-08-07 00:24:26.969  INFO user-PC --- [           main] o.s.w.s.h.SimpleUrlHandlerMapping        : Mapped URL path [/**] onto handler of type [class org.springframework.web.servlet.resource.ResourceHttpRequestHandler]
2020-08-07 00:24:27.509  INFO user-PC --- [           main] o.s.j.e.a.AnnotationMBeanExporter        : Registering beans for JMX exposure on startup
2020-08-07 00:24:27.513  INFO user-PC --- [           main] o.s.j.e.a.AnnotationMBeanExporter        : Bean with name 'dataSource' has been autodetected for JMX exposure
2020-08-07 00:24:27.528  INFO user-PC --- [           main] o.s.j.e.a.AnnotationMBeanExporter        : Located MBean 'dataSource': registering with JMX server as MBean [com.zaxxer.hikari:name=dataSource,type=HikariDataSource]
2020-08-07 00:24:27.551  INFO user-PC --- [           main] d.s.w.p.DocumentationPluginsBootstrapper : Context refreshed
2020-08-07 00:24:27.597  INFO user-PC --- [           main] d.s.w.p.DocumentationPluginsBootstrapper : Found 1 custom documentation plugin(s)
2020-08-07 00:24:27.614  INFO user-PC --- [           main] s.d.s.w.s.ApiListingReferenceScanner     : Scanning for api listing references
2020-08-07 00:24:27.961  INFO user-PC --- [           main] o.a.c.h.Http11NioProtocol                : Starting ProtocolHandler ["http-nio-8084"]
2020-08-07 00:24:27.981  INFO user-PC --- [           main] o.a.t.u.n.NioSelectorPool                : Using a shared selector for servlet write/read
2020-08-07 00:24:28.006  INFO user-PC --- [           main] o.s.b.w.e.t.TomcatWebServer              : Tomcat started on port(s): 8084 (http) with context path ''
2020-08-07 00:24:28.013  INFO user-PC --- [           main] c.R.L.RegisterLoanApplication            : Started RegisterLoanApplication in 13.166 seconds (JVM running for 14.418)
2020-08-07 00:31:45.854  INFO user-PC --- [           main] c.R.L.RegisterLoanApplication            : The RegisterLoan app
2020-08-07 00:31:45.860 ERROR user-PC --- [           main] c.R.L.RegisterLoanApplication            : Error level log message
2020-08-07 00:31:46.609  INFO user-PC --- [           main] c.R.L.RegisterLoanApplication            : Starting RegisterLoanApplication on user-PC with PID 7016 (D:\SivaReddyWorkRelated\BalaWork\RegisterLoan\RegisterLoan\target\classes started by user in D:\SivaReddyWorkRelated\BalaWork\RegisterLoan\RegisterLoan)
2020-08-07 00:31:46.610  INFO user-PC --- [           main] c.R.L.RegisterLoanApplication            : No active profile set, falling back to default profiles: default
2020-08-07 00:31:46.732  INFO user-PC --- [           main] ConfigServletWebServerApplicationContext : Refreshing org.springframework.boot.web.servlet.context.AnnotationConfigServletWebServerApplicationContext@424e1977: startup date [Fri Aug 07 00:31:46 IST 2020]; root of context hierarchy
2020-08-07 00:31:49.772  INFO user-PC --- [           main] trationDelegate$BeanPostProcessorChecker : Bean 'org.springframework.transaction.annotation.ProxyTransactionManagementConfiguration' of type [org.springframework.transaction.annotation.ProxyTransactionManagementConfiguration$$EnhancerBySpringCGLIB$$f7ddd8cc] is not eligible for getting processed by all BeanPostProcessors (for example: not eligible for auto-proxying)
2020-08-07 00:31:50.885  INFO user-PC --- [           main] o.s.b.w.e.t.TomcatWebServer              : Tomcat initialized with port(s): 8084 (http)
2020-08-07 00:31:51.094  INFO user-PC --- [           main] o.a.c.h.Http11NioProtocol                : Initializing ProtocolHandler ["http-nio-8084"]
2020-08-07 00:31:51.122  INFO user-PC --- [           main] o.a.c.c.StandardService                  : Starting service [Tomcat]
2020-08-07 00:31:51.123  INFO user-PC --- [           main] o.a.c.c.StandardEngine                   : Starting Servlet Engine: Apache Tomcat/8.5.34
2020-08-07 00:31:51.141  INFO user-PC --- [ost-startStop-1] o.a.c.c.AprLifecycleListener             : The APR based Apache Tomcat Native library which allows optimal performance in production environments was not found on the java.library.path: [C:\Program Files\Java\jre1.8.0_241\bin;C:\Windows\Sun\Java\bin;C:\Windows\system32;C:\Windows;C:/Program Files/Java/jre1.8.0_241/bin/server;C:/Program Files/Java/jre1.8.0_241/bin;C:/Program Files/Java/jre1.8.0_241/lib/amd64;C:\Program Files (x86)\Common Files\Oracle\Java\javapath;C:\Windows\system32;C:\Windows;C:\Windows\System32\Wbem;C:\Windows\System32\WindowsPowerShell\v1.0\;C:\Program Files\Java\jdk1.8.0_241\bin;E:\WebService jars\apache-maven-3.5.0\bin;C:\Program Files\nodejs\;D:\SpringBootCoursePractise\CLI\spring-2.3.1.RELEASE\bin;;D:\AngularJS\AngularDemo\bin;C:\Users\user\AppData\Roaming\npm;D:\EclipseSoftwares\eclipse;;.]
2020-08-07 00:31:51.356  INFO user-PC --- [ost-startStop-1] o.a.c.c.C.[.[.[/]                        : Initializing Spring embedded WebApplicationContext
2020-08-07 00:31:51.356  INFO user-PC --- [ost-startStop-1] o.s.w.c.ContextLoader                    : Root WebApplicationContext: initialization completed in 4625 ms
2020-08-07 00:31:51.497  INFO user-PC --- [ost-startStop-1] o.s.b.w.s.ServletRegistrationBean        : Servlet dispatcherServlet mapped to [/]
2020-08-07 00:31:51.505  INFO user-PC --- [ost-startStop-1] o.s.b.w.s.FilterRegistrationBean         : Mapping filter: 'characterEncodingFilter' to: [/*]
2020-08-07 00:31:51.506  INFO user-PC --- [ost-startStop-1] o.s.b.w.s.FilterRegistrationBean         : Mapping filter: 'hiddenHttpMethodFilter' to: [/*]
2020-08-07 00:31:51.507  INFO user-PC --- [ost-startStop-1] o.s.b.w.s.FilterRegistrationBean         : Mapping filter: 'httpPutFormContentFilter' to: [/*]
2020-08-07 00:31:51.507  INFO user-PC --- [ost-startStop-1] o.s.b.w.s.FilterRegistrationBean         : Mapping filter: 'requestContextFilter' to: [/*]
2020-08-07 00:31:51.825  INFO user-PC --- [           main] c.z.h.HikariDataSource                   : HikariPool-1 - Starting...
2020-08-07 00:31:52.845  INFO user-PC --- [           main] c.z.h.HikariDataSource                   : HikariPool-1 - Start completed.
2020-08-07 00:31:52.944  INFO user-PC --- [           main] j.LocalContainerEntityManagerFactoryBean : Building JPA container EntityManagerFactory for persistence unit 'default'
2020-08-07 00:31:52.984  INFO user-PC --- [           main] o.h.j.i.u.LogHelper                      : HHH000204: Processing PersistenceUnitInfo [
	name: default
	...]
2020-08-07 00:31:53.198  INFO user-PC --- [           main] o.h.Version                              : HHH000412: Hibernate Core {5.2.17.Final}
2020-08-07 00:31:53.202  INFO user-PC --- [           main] o.h.c.Environment                        : HHH000206: hibernate.properties not found
2020-08-07 00:31:53.341  INFO user-PC --- [           main] o.h.a.c.Version                          : HCANN000001: Hibernate Commons Annotations {5.0.1.Final}
2020-08-07 00:31:53.649  INFO user-PC --- [           main] o.h.d.Dialect                            : HHH000400: Using dialect: org.hibernate.dialect.MySQL5Dialect
2020-08-07 00:31:54.542  INFO user-PC --- [           main] j.LocalContainerEntityManagerFactoryBean : Initialized JPA EntityManagerFactory for persistence unit 'default'
2020-08-07 00:31:55.168  INFO user-PC --- [           main] o.h.h.i.QueryTranslatorFactoryInitiator  : HHH000397: Using ASTQueryTranslatorFactory
2020-08-07 00:31:56.546  WARN user-PC --- [           main] aWebConfiguration$JpaWebMvcConfiguration : spring.jpa.open-in-view is enabled by default. Therefore, database queries may be performed during view rendering. Explicitly configure spring.jpa.open-in-view to disable this warning
2020-08-07 00:31:56.686  INFO user-PC --- [           main] s.w.s.m.m.a.RequestMappingHandlerMapping : Mapped "{[/registerloan],methods=[POST]}" onto public com.Register.Loan.models.RegisterLoanResponse com.Register.Loan.controller.RegisterLoanController.registerloan(com.Register.Loan.models.RegisterLoanDetail) throws java.lang.Exception
2020-08-07 00:31:56.689  INFO user-PC --- [           main] s.w.s.m.m.a.RequestMappingHandlerMapping : Mapped "{[/v2/api-docs],methods=[GET],produces=[application/json || application/hal+json]}" onto public org.springframework.http.ResponseEntity<springfox.documentation.spring.web.json.Json> springfox.documentation.swagger2.web.Swagger2Controller.getDocumentation(java.lang.String,javax.servlet.http.HttpServletRequest)
2020-08-07 00:31:56.694  INFO user-PC --- [           main] s.w.s.m.m.a.RequestMappingHandlerMapping : Mapped "{[/configuration/ui]}" onto org.springframework.http.ResponseEntity<springfox.documentation.swagger.web.UiConfiguration> springfox.documentation.swagger.web.ApiResourceController.uiConfiguration()
2020-08-07 00:31:56.695  INFO user-PC --- [           main] s.w.s.m.m.a.RequestMappingHandlerMapping : Mapped "{[/swagger-resources]}" onto org.springframework.http.ResponseEntity<java.util.List<springfox.documentation.swagger.web.SwaggerResource>> springfox.documentation.swagger.web.ApiResourceController.swaggerResources()
2020-08-07 00:31:56.697  INFO user-PC --- [           main] s.w.s.m.m.a.RequestMappingHandlerMapping : Mapped "{[/configuration/security]}" onto org.springframework.http.ResponseEntity<springfox.documentation.swagger.web.SecurityConfiguration> springfox.documentation.swagger.web.ApiResourceController.securityConfiguration()
2020-08-07 00:31:56.702  INFO user-PC --- [           main] s.w.s.m.m.a.RequestMappingHandlerMapping : Mapped "{[/error]}" onto public org.springframework.http.ResponseEntity<java.util.Map<java.lang.String, java.lang.Object>> org.springframework.boot.autoconfigure.web.servlet.error.BasicErrorController.error(javax.servlet.http.HttpServletRequest)
2020-08-07 00:31:56.703  INFO user-PC --- [           main] s.w.s.m.m.a.RequestMappingHandlerMapping : Mapped "{[/error],produces=[text/html]}" onto public org.springframework.web.servlet.ModelAndView org.springframework.boot.autoconfigure.web.servlet.error.BasicErrorController.errorHtml(javax.servlet.http.HttpServletRequest,javax.servlet.http.HttpServletResponse)
2020-08-07 00:31:57.380  INFO user-PC --- [           main] o.s.w.s.h.SimpleUrlHandlerMapping        : Mapped URL path [/**/favicon.ico] onto handler of type [class org.springframework.web.servlet.resource.ResourceHttpRequestHandler]
2020-08-07 00:31:57.690  INFO user-PC --- [           main] s.w.s.m.m.a.RequestMappingHandlerAdapter : Looking for @ControllerAdvice: org.springframework.boot.web.servlet.context.AnnotationConfigServletWebServerApplicationContext@424e1977: startup date [Fri Aug 07 00:31:46 IST 2020]; root of context hierarchy
2020-08-07 00:31:57.817  INFO user-PC --- [           main] o.s.w.s.h.SimpleUrlHandlerMapping        : Mapped URL path [/webjars/**] onto handler of type [class org.springframework.web.servlet.resource.ResourceHttpRequestHandler]
2020-08-07 00:31:57.817  INFO user-PC --- [           main] o.s.w.s.h.SimpleUrlHandlerMapping        : Mapped URL path [/**] onto handler of type [class org.springframework.web.servlet.resource.ResourceHttpRequestHandler]
2020-08-07 00:31:58.297  INFO user-PC --- [           main] o.s.j.e.a.AnnotationMBeanExporter        : Registering beans for JMX exposure on startup
2020-08-07 00:31:58.301  INFO user-PC --- [           main] o.s.j.e.a.AnnotationMBeanExporter        : Bean with name 'dataSource' has been autodetected for JMX exposure
2020-08-07 00:31:58.315  INFO user-PC --- [           main] o.s.j.e.a.AnnotationMBeanExporter        : Located MBean 'dataSource': registering with JMX server as MBean [com.zaxxer.hikari:name=dataSource,type=HikariDataSource]
2020-08-07 00:31:58.334  INFO user-PC --- [           main] d.s.w.p.DocumentationPluginsBootstrapper : Context refreshed
2020-08-07 00:31:58.376  INFO user-PC --- [           main] d.s.w.p.DocumentationPluginsBootstrapper : Found 1 custom documentation plugin(s)
2020-08-07 00:31:58.395  INFO user-PC --- [           main] s.d.s.w.s.ApiListingReferenceScanner     : Scanning for api listing references
2020-08-07 00:31:58.731  INFO user-PC --- [           main] o.a.c.h.Http11NioProtocol                : Starting ProtocolHandler ["http-nio-8084"]
2020-08-07 00:31:58.748  INFO user-PC --- [           main] o.a.t.u.n.NioSelectorPool                : Using a shared selector for servlet write/read
2020-08-07 00:31:58.773  INFO user-PC --- [           main] o.s.b.w.e.t.TomcatWebServer              : Tomcat started on port(s): 8084 (http) with context path ''
2020-08-07 00:31:58.779  INFO user-PC --- [           main] c.R.L.RegisterLoanApplication            : Started RegisterLoanApplication in 12.73 seconds (JVM running for 13.981)
2020-08-07 00:53:52.952  INFO user-PC --- [           main] .b.t.c.SpringBootTestContextBootstrapper : Neither @ContextConfiguration nor @ContextHierarchy found for test class [com.example.simplerestapis.SimpleRestApisApplicationTests], using SpringBootContextLoader
2020-08-07 00:53:52.971  INFO user-PC --- [           main] o.s.t.c.s.AbstractContextLoader          : Could not detect default resource locations for test class [com.example.simplerestapis.SimpleRestApisApplicationTests]: no resource found for suffixes {-context.xml, Context.groovy}.
2020-08-07 00:53:52.973  INFO user-PC --- [           main] t.c.s.AnnotationConfigContextLoaderUtils : Could not detect default configuration classes for test class [com.example.simplerestapis.SimpleRestApisApplicationTests]: SimpleRestApisApplicationTests does not declare any static, non-private, non-final, nested classes annotated with @Configuration.
2020-08-07 00:56:46.722  INFO user-PC --- [           main] .b.t.c.SpringBootTestContextBootstrapper : Neither @ContextConfiguration nor @ContextHierarchy found for test class [com.example.simplerestapis.SimpleRestApisApplicationTests], using SpringBootContextLoader
2020-08-07 00:56:46.731  INFO user-PC --- [           main] o.s.t.c.s.AbstractContextLoader          : Could not detect default resource locations for test class [com.example.simplerestapis.SimpleRestApisApplicationTests]: no resource found for suffixes {-context.xml, Context.groovy}.
2020-08-07 00:56:46.733  INFO user-PC --- [           main] t.c.s.AnnotationConfigContextLoaderUtils : Could not detect default configuration classes for test class [com.example.simplerestapis.SimpleRestApisApplicationTests]: SimpleRestApisApplicationTests does not declare any static, non-private, non-final, nested classes annotated with @Configuration.
2020-08-07 08:16:38.047  INFO user-PC --- [           main] c.R.L.RegisterLoanApplication            : The RegisterLoan app
2020-08-07 08:16:38.152 ERROR user-PC --- [           main] c.R.L.RegisterLoanApplication            : Error level log message
2020-08-07 08:16:43.446  INFO user-PC --- [           main] c.R.L.RegisterLoanApplication            : Starting RegisterLoanApplication on user-PC with PID 5632 (D:\SivaReddyWorkRelated\BalaWork\RegisterLoan\RegisterLoan\target\classes started by user in D:\SivaReddyWorkRelated\BalaWork\RegisterLoan\RegisterLoan)
2020-08-07 08:16:43.448  INFO user-PC --- [           main] c.R.L.RegisterLoanApplication            : No active profile set, falling back to default profiles: default
2020-08-07 08:16:44.004  INFO user-PC --- [           main] ConfigServletWebServerApplicationContext : Refreshing org.springframework.boot.web.servlet.context.AnnotationConfigServletWebServerApplicationContext@e4487af: startup date [Fri Aug 07 08:16:44 IST 2020]; root of context hierarchy
2020-08-07 08:17:03.411  INFO user-PC --- [           main] trationDelegate$BeanPostProcessorChecker : Bean 'org.springframework.transaction.annotation.ProxyTransactionManagementConfiguration' of type [org.springframework.transaction.annotation.ProxyTransactionManagementConfiguration$$EnhancerBySpringCGLIB$$1ed26e00] is not eligible for getting processed by all BeanPostProcessors (for example: not eligible for auto-proxying)
2020-08-07 08:17:11.786  INFO user-PC --- [           main] o.s.b.w.e.t.TomcatWebServer              : Tomcat initialized with port(s): 8084 (http)
2020-08-07 08:17:15.692  INFO user-PC --- [           main] o.a.c.h.Http11NioProtocol                : Initializing ProtocolHandler ["http-nio-8084"]
2020-08-07 08:17:15.893  INFO user-PC --- [           main] o.a.c.c.StandardService                  : Starting service [Tomcat]
2020-08-07 08:17:15.895  INFO user-PC --- [           main] o.a.c.c.StandardEngine                   : Starting Servlet Engine: Apache Tomcat/8.5.34
2020-08-07 08:17:16.118  INFO user-PC --- [ost-startStop-1] o.a.c.c.AprLifecycleListener             : The APR based Apache Tomcat Native library which allows optimal performance in production environments was not found on the java.library.path: [C:\Program Files\Java\jre1.8.0_241\bin;C:\Windows\Sun\Java\bin;C:\Windows\system32;C:\Windows;C:/Program Files/Java/jre1.8.0_241/bin/server;C:/Program Files/Java/jre1.8.0_241/bin;C:/Program Files/Java/jre1.8.0_241/lib/amd64;C:\Program Files (x86)\Common Files\Oracle\Java\javapath;C:\Windows\system32;C:\Windows;C:\Windows\System32\Wbem;C:\Windows\System32\WindowsPowerShell\v1.0\;C:\Program Files\Java\jdk1.8.0_241\bin;E:\WebService jars\apache-maven-3.5.0\bin;C:\Program Files\nodejs\;D:\SpringBootCoursePractise\CLI\spring-2.3.1.RELEASE\bin;;D:\AngularJS\AngularDemo\bin;C:\Users\user\AppData\Roaming\npm;D:\EclipseSoftwares\eclipse;;.]
2020-08-07 08:17:17.427  INFO user-PC --- [ost-startStop-1] o.a.c.c.C.[.[.[/]                        : Initializing Spring embedded WebApplicationContext
2020-08-07 08:17:17.428  INFO user-PC --- [ost-startStop-1] o.s.w.c.ContextLoader                    : Root WebApplicationContext: initialization completed in 33424 ms
2020-08-07 08:17:17.785  INFO user-PC --- [ost-startStop-1] o.s.b.w.s.ServletRegistrationBean        : Servlet dispatcherServlet mapped to [/]
2020-08-07 08:17:17.807  INFO user-PC --- [ost-startStop-1] o.s.b.w.s.FilterRegistrationBean         : Mapping filter: 'characterEncodingFilter' to: [/*]
2020-08-07 08:17:17.808  INFO user-PC --- [ost-startStop-1] o.s.b.w.s.FilterRegistrationBean         : Mapping filter: 'hiddenHttpMethodFilter' to: [/*]
2020-08-07 08:17:17.808  INFO user-PC --- [ost-startStop-1] o.s.b.w.s.FilterRegistrationBean         : Mapping filter: 'httpPutFormContentFilter' to: [/*]
2020-08-07 08:17:17.809  INFO user-PC --- [ost-startStop-1] o.s.b.w.s.FilterRegistrationBean         : Mapping filter: 'requestContextFilter' to: [/*]
2020-08-07 08:17:19.406  INFO user-PC --- [           main] c.z.h.HikariDataSource                   : HikariPool-1 - Starting...
2020-08-07 08:17:25.037  INFO user-PC --- [           main] c.z.h.HikariDataSource                   : HikariPool-1 - Start completed.
2020-08-07 08:17:25.639  INFO user-PC --- [           main] j.LocalContainerEntityManagerFactoryBean : Building JPA container EntityManagerFactory for persistence unit 'default'
2020-08-07 08:17:26.119  INFO user-PC --- [           main] o.h.j.i.u.LogHelper                      : HHH000204: Processing PersistenceUnitInfo [
	name: default
	...]
2020-08-07 08:17:26.976  INFO user-PC --- [           main] o.h.Version                              : HHH000412: Hibernate Core {5.2.17.Final}
2020-08-07 08:17:26.978  INFO user-PC --- [           main] o.h.c.Environment                        : HHH000206: hibernate.properties not found
2020-08-07 08:17:27.667  INFO user-PC --- [           main] o.h.a.c.Version                          : HCANN000001: Hibernate Commons Annotations {5.0.1.Final}
2020-08-07 08:17:31.476  INFO user-PC --- [           main] o.h.d.Dialect                            : HHH000400: Using dialect: org.hibernate.dialect.MySQL5Dialect
2020-08-07 08:17:34.452  INFO user-PC --- [           main] j.LocalContainerEntityManagerFactoryBean : Initialized JPA EntityManagerFactory for persistence unit 'default'
2020-08-07 08:17:36.262  INFO user-PC --- [           main] o.h.h.i.QueryTranslatorFactoryInitiator  : HHH000397: Using ASTQueryTranslatorFactory
2020-08-07 08:17:41.934  WARN user-PC --- [           main] aWebConfiguration$JpaWebMvcConfiguration : spring.jpa.open-in-view is enabled by default. Therefore, database queries may be performed during view rendering. Explicitly configure spring.jpa.open-in-view to disable this warning
2020-08-07 08:17:42.192  INFO user-PC --- [           main] s.w.s.m.m.a.RequestMappingHandlerMapping : Mapped "{[/registerloan],methods=[POST]}" onto public com.Register.Loan.models.RegisterLoanResponse com.Register.Loan.controller.RegisterLoanController.registerloan(com.Register.Loan.models.RegisterLoanDetail) throws java.lang.Exception
2020-08-07 08:17:42.195  INFO user-PC --- [           main] s.w.s.m.m.a.RequestMappingHandlerMapping : Mapped "{[/v2/api-docs],methods=[GET],produces=[application/json || application/hal+json]}" onto public org.springframework.http.ResponseEntity<springfox.documentation.spring.web.json.Json> springfox.documentation.swagger2.web.Swagger2Controller.getDocumentation(java.lang.String,javax.servlet.http.HttpServletRequest)
2020-08-07 08:17:42.987  INFO user-PC --- [           main] s.w.s.m.m.a.RequestMappingHandlerMapping : Mapped "{[/configuration/security]}" onto org.springframework.http.ResponseEntity<springfox.documentation.swagger.web.SecurityConfiguration> springfox.documentation.swagger.web.ApiResourceController.securityConfiguration()
2020-08-07 08:17:42.989  INFO user-PC --- [           main] s.w.s.m.m.a.RequestMappingHandlerMapping : Mapped "{[/configuration/ui]}" onto org.springframework.http.ResponseEntity<springfox.documentation.swagger.web.UiConfiguration> springfox.documentation.swagger.web.ApiResourceController.uiConfiguration()
2020-08-07 08:17:42.990  INFO user-PC --- [           main] s.w.s.m.m.a.RequestMappingHandlerMapping : Mapped "{[/swagger-resources]}" onto org.springframework.http.ResponseEntity<java.util.List<springfox.documentation.swagger.web.SwaggerResource>> springfox.documentation.swagger.web.ApiResourceController.swaggerResources()
2020-08-07 08:17:42.996  INFO user-PC --- [           main] s.w.s.m.m.a.RequestMappingHandlerMapping : Mapped "{[/error]}" onto public org.springframework.http.ResponseEntity<java.util.Map<java.lang.String, java.lang.Object>> org.springframework.boot.autoconfigure.web.servlet.error.BasicErrorController.error(javax.servlet.http.HttpServletRequest)
2020-08-07 08:17:42.996  INFO user-PC --- [           main] s.w.s.m.m.a.RequestMappingHandlerMapping : Mapped "{[/error],produces=[text/html]}" onto public org.springframework.web.servlet.ModelAndView org.springframework.boot.autoconfigure.web.servlet.error.BasicErrorController.errorHtml(javax.servlet.http.HttpServletRequest,javax.servlet.http.HttpServletResponse)
2020-08-07 08:17:44.173  INFO user-PC --- [           main] o.s.w.s.h.SimpleUrlHandlerMapping        : Mapped URL path [/**/favicon.ico] onto handler of type [class org.springframework.web.servlet.resource.ResourceHttpRequestHandler]
2020-08-07 08:17:45.035  INFO user-PC --- [           main] s.w.s.m.m.a.RequestMappingHandlerAdapter : Looking for @ControllerAdvice: org.springframework.boot.web.servlet.context.AnnotationConfigServletWebServerApplicationContext@e4487af: startup date [Fri Aug 07 08:16:44 IST 2020]; root of context hierarchy
2020-08-07 08:17:45.347  INFO user-PC --- [           main] o.s.w.s.h.SimpleUrlHandlerMapping        : Mapped URL path [/webjars/**] onto handler of type [class org.springframework.web.servlet.resource.ResourceHttpRequestHandler]
2020-08-07 08:17:45.347  INFO user-PC --- [           main] o.s.w.s.h.SimpleUrlHandlerMapping        : Mapped URL path [/**] onto handler of type [class org.springframework.web.servlet.resource.ResourceHttpRequestHandler]
2020-08-07 08:17:53.155  INFO user-PC --- [           main] o.s.j.e.a.AnnotationMBeanExporter        : Registering beans for JMX exposure on startup
2020-08-07 08:17:53.190  INFO user-PC --- [           main] o.s.j.e.a.AnnotationMBeanExporter        : Bean with name 'dataSource' has been autodetected for JMX exposure
2020-08-07 08:17:53.201  INFO user-PC --- [           main] o.s.j.e.a.AnnotationMBeanExporter        : Located MBean 'dataSource': registering with JMX server as MBean [com.zaxxer.hikari:name=dataSource,type=HikariDataSource]
2020-08-07 08:17:53.279  INFO user-PC --- [           main] d.s.w.p.DocumentationPluginsBootstrapper : Context refreshed
2020-08-07 08:17:54.554  INFO user-PC --- [           main] d.s.w.p.DocumentationPluginsBootstrapper : Found 1 custom documentation plugin(s)
2020-08-07 08:17:54.636  INFO user-PC --- [           main] s.d.s.w.s.ApiListingReferenceScanner     : Scanning for api listing references
2020-08-07 08:17:56.939  INFO user-PC --- [           main] o.a.c.h.Http11NioProtocol                : Starting ProtocolHandler ["http-nio-8084"]
2020-08-07 08:17:57.531  INFO user-PC --- [           main] o.a.t.u.n.NioSelectorPool                : Using a shared selector for servlet write/read
2020-08-07 08:17:57.773  INFO user-PC --- [           main] o.s.b.w.e.t.TomcatWebServer              : Tomcat started on port(s): 8084 (http) with context path ''
2020-08-07 08:17:57.841  INFO user-PC --- [           main] c.R.L.RegisterLoanApplication            : Started RegisterLoanApplication in 78.81 seconds (JVM running for 82.627)
2020-08-07 08:35:38.505  WARN user-PC --- [l-1 housekeeper] c.z.h.p.HikariPool                       : HikariPool-1 - Thread starvation or clock leap detected (housekeeper delta=1m43s268ms937s879ns).
2020-08-07 10:42:37.107  INFO user-PC --- [           main] .b.t.c.SpringBootTestContextBootstrapper : Neither @ContextConfiguration nor @ContextHierarchy found for test class [com.example.simplerestapis.SimpleRestApisApplicationTests], using SpringBootContextLoader
2020-08-07 10:42:37.165  INFO user-PC --- [           main] o.s.t.c.s.AbstractContextLoader          : Could not detect default resource locations for test class [com.example.simplerestapis.SimpleRestApisApplicationTests]: no resource found for suffixes {-context.xml, Context.groovy}.
2020-08-07 10:42:37.168  INFO user-PC --- [           main] t.c.s.AnnotationConfigContextLoaderUtils : Could not detect default configuration classes for test class [com.example.simplerestapis.SimpleRestApisApplicationTests]: SimpleRestApisApplicationTests does not declare any static, non-private, non-final, nested classes annotated with @Configuration.
2020-08-07 10:55:04.800  INFO user-PC --- [           main] c.R.L.RegisterLoanApplication            : The RegisterLoan app
2020-08-07 10:55:04.821 ERROR user-PC --- [           main] c.R.L.RegisterLoanApplication            : Error level log message
2020-08-07 10:55:07.645  INFO user-PC --- [           main] c.R.L.RegisterLoanApplication            : Starting RegisterLoanApplication on user-PC with PID 4300 (D:\SivaReddyWorkRelated\BalaWork\RegisterLoan\RegisterLoan\target\classes started by user in D:\SivaReddyWorkRelated\BalaWork\RegisterLoan\RegisterLoan)
2020-08-07 10:55:07.649  INFO user-PC --- [           main] c.R.L.RegisterLoanApplication            : No active profile set, falling back to default profiles: default
2020-08-07 10:55:08.001  INFO user-PC --- [           main] ConfigServletWebServerApplicationContext : Refreshing org.springframework.boot.web.servlet.context.AnnotationConfigServletWebServerApplicationContext@6ab778a: startup date [Fri Aug 07 10:55:08 IST 2020]; root of context hierarchy
2020-08-07 10:55:16.578  INFO user-PC --- [           main] trationDelegate$BeanPostProcessorChecker : Bean 'org.springframework.transaction.annotation.ProxyTransactionManagementConfiguration' of type [org.springframework.transaction.annotation.ProxyTransactionManagementConfiguration$$EnhancerBySpringCGLIB$$b68eea5d] is not eligible for getting processed by all BeanPostProcessors (for example: not eligible for auto-proxying)
2020-08-07 10:55:20.200  INFO user-PC --- [           main] o.s.b.w.e.t.TomcatWebServer              : Tomcat initialized with port(s): 8084 (http)
2020-08-07 10:55:20.398  INFO user-PC --- [           main] o.a.c.h.Http11NioProtocol                : Initializing ProtocolHandler ["http-nio-8084"]
2020-08-07 10:55:20.473  INFO user-PC --- [           main] o.a.c.c.StandardService                  : Starting service [Tomcat]
2020-08-07 10:55:20.473  INFO user-PC --- [           main] o.a.c.c.StandardEngine                   : Starting Servlet Engine: Apache Tomcat/8.5.34
2020-08-07 10:55:20.555  INFO user-PC --- [ost-startStop-1] o.a.c.c.AprLifecycleListener             : The APR based Apache Tomcat Native library which allows optimal performance in production environments was not found on the java.library.path: [C:\Program Files\Java\jre1.8.0_241\bin;C:\Windows\Sun\Java\bin;C:\Windows\system32;C:\Windows;C:/Program Files/Java/jre1.8.0_241/bin/server;C:/Program Files/Java/jre1.8.0_241/bin;C:/Program Files/Java/jre1.8.0_241/lib/amd64;C:\Program Files (x86)\Common Files\Oracle\Java\javapath;C:\Windows\system32;C:\Windows;C:\Windows\System32\Wbem;C:\Windows\System32\WindowsPowerShell\v1.0\;C:\Program Files\Java\jdk1.8.0_241\bin;E:\WebService jars\apache-maven-3.5.0\bin;C:\Program Files\nodejs\;D:\SpringBootCoursePractise\CLI\spring-2.3.1.RELEASE\bin;;D:\AngularJS\AngularDemo\bin;C:\Users\user\AppData\Roaming\npm;D:\EclipseSoftwares\eclipse;;.]
2020-08-07 10:55:20.933  INFO user-PC --- [ost-startStop-1] o.a.c.c.C.[.[.[/]                        : Initializing Spring embedded WebApplicationContext
2020-08-07 10:55:20.933  INFO user-PC --- [ost-startStop-1] o.s.w.c.ContextLoader                    : Root WebApplicationContext: initialization completed in 12932 ms
2020-08-07 10:55:21.116  INFO user-PC --- [ost-startStop-1] o.s.b.w.s.ServletRegistrationBean        : Servlet dispatcherServlet mapped to [/]
2020-08-07 10:55:21.122  INFO user-PC --- [ost-startStop-1] o.s.b.w.s.FilterRegistrationBean         : Mapping filter: 'characterEncodingFilter' to: [/*]
2020-08-07 10:55:21.123  INFO user-PC --- [ost-startStop-1] o.s.b.w.s.FilterRegistrationBean         : Mapping filter: 'hiddenHttpMethodFilter' to: [/*]
2020-08-07 10:55:21.123  INFO user-PC --- [ost-startStop-1] o.s.b.w.s.FilterRegistrationBean         : Mapping filter: 'httpPutFormContentFilter' to: [/*]
2020-08-07 10:55:21.123  INFO user-PC --- [ost-startStop-1] o.s.b.w.s.FilterRegistrationBean         : Mapping filter: 'requestContextFilter' to: [/*]
2020-08-07 10:55:22.126  INFO user-PC --- [           main] c.z.h.HikariDataSource                   : HikariPool-1 - Starting...
2020-08-07 10:55:27.936  INFO user-PC --- [           main] c.z.h.HikariDataSource                   : HikariPool-1 - Start completed.
2020-08-07 10:55:28.602  INFO user-PC --- [           main] j.LocalContainerEntityManagerFactoryBean : Building JPA container EntityManagerFactory for persistence unit 'default'
2020-08-07 10:55:29.050  INFO user-PC --- [           main] o.h.j.i.u.LogHelper                      : HHH000204: Processing PersistenceUnitInfo [
	name: default
	...]
2020-08-07 10:55:30.640  INFO user-PC --- [           main] o.h.Version                              : HHH000412: Hibernate Core {5.2.17.Final}
2020-08-07 10:55:30.643  INFO user-PC --- [           main] o.h.c.Environment                        : HHH000206: hibernate.properties not found
2020-08-07 10:55:31.007  INFO user-PC --- [           main] o.h.a.c.Version                          : HCANN000001: Hibernate Commons Annotations {5.0.1.Final}
2020-08-07 10:55:31.740  INFO user-PC --- [           main] o.h.d.Dialect                            : HHH000400: Using dialect: org.hibernate.dialect.MySQL5Dialect
2020-08-07 10:55:35.496  INFO user-PC --- [           main] j.LocalContainerEntityManagerFactoryBean : Initialized JPA EntityManagerFactory for persistence unit 'default'
2020-08-07 10:55:36.665  INFO user-PC --- [           main] o.h.h.i.QueryTranslatorFactoryInitiator  : HHH000397: Using ASTQueryTranslatorFactory
2020-08-07 10:55:43.623  WARN user-PC --- [           main] aWebConfiguration$JpaWebMvcConfiguration : spring.jpa.open-in-view is enabled by default. Therefore, database queries may be performed during view rendering. Explicitly configure spring.jpa.open-in-view to disable this warning
2020-08-07 10:55:44.000  INFO user-PC --- [           main] s.w.s.m.m.a.RequestMappingHandlerMapping : Mapped "{[/registerloan],methods=[POST]}" onto public com.Register.Loan.models.RegisterLoanResponse com.Register.Loan.controller.RegisterLoanController.registerloan(com.Register.Loan.models.RegisterLoanDetail) throws java.lang.Exception
2020-08-07 10:55:44.004  INFO user-PC --- [           main] s.w.s.m.m.a.RequestMappingHandlerMapping : Mapped "{[/v2/api-docs],methods=[GET],produces=[application/json || application/hal+json]}" onto public org.springframework.http.ResponseEntity<springfox.documentation.spring.web.json.Json> springfox.documentation.swagger2.web.Swagger2Controller.getDocumentation(java.lang.String,javax.servlet.http.HttpServletRequest)
2020-08-07 10:55:44.008  INFO user-PC --- [           main] s.w.s.m.m.a.RequestMappingHandlerMapping : Mapped "{[/configuration/security]}" onto org.springframework.http.ResponseEntity<springfox.documentation.swagger.web.SecurityConfiguration> springfox.documentation.swagger.web.ApiResourceController.securityConfiguration()
2020-08-07 10:55:44.010  INFO user-PC --- [           main] s.w.s.m.m.a.RequestMappingHandlerMapping : Mapped "{[/configuration/ui]}" onto org.springframework.http.ResponseEntity<springfox.documentation.swagger.web.UiConfiguration> springfox.documentation.swagger.web.ApiResourceController.uiConfiguration()
2020-08-07 10:55:44.011  INFO user-PC --- [           main] s.w.s.m.m.a.RequestMappingHandlerMapping : Mapped "{[/swagger-resources]}" onto org.springframework.http.ResponseEntity<java.util.List<springfox.documentation.swagger.web.SwaggerResource>> springfox.documentation.swagger.web.ApiResourceController.swaggerResources()
2020-08-07 10:55:44.017  INFO user-PC --- [           main] s.w.s.m.m.a.RequestMappingHandlerMapping : Mapped "{[/error]}" onto public org.springframework.http.ResponseEntity<java.util.Map<java.lang.String, java.lang.Object>> org.springframework.boot.autoconfigure.web.servlet.error.BasicErrorController.error(javax.servlet.http.HttpServletRequest)
2020-08-07 10:55:44.018  INFO user-PC --- [           main] s.w.s.m.m.a.RequestMappingHandlerMapping : Mapped "{[/error],produces=[text/html]}" onto public org.springframework.web.servlet.ModelAndView org.springframework.boot.autoconfigure.web.servlet.error.BasicErrorController.errorHtml(javax.servlet.http.HttpServletRequest,javax.servlet.http.HttpServletResponse)
2020-08-07 10:55:44.792  INFO user-PC --- [           main] o.s.w.s.h.SimpleUrlHandlerMapping        : Mapped URL path [/**/favicon.ico] onto handler of type [class org.springframework.web.servlet.resource.ResourceHttpRequestHandler]
2020-08-07 10:55:45.323  INFO user-PC --- [           main] s.w.s.m.m.a.RequestMappingHandlerAdapter : Looking for @ControllerAdvice: org.springframework.boot.web.servlet.context.AnnotationConfigServletWebServerApplicationContext@6ab778a: startup date [Fri Aug 07 10:55:08 IST 2020]; root of context hierarchy
2020-08-07 10:55:45.515  INFO user-PC --- [           main] o.s.w.s.h.SimpleUrlHandlerMapping        : Mapped URL path [/webjars/**] onto handler of type [class org.springframework.web.servlet.resource.ResourceHttpRequestHandler]
2020-08-07 10:55:45.516  INFO user-PC --- [           main] o.s.w.s.h.SimpleUrlHandlerMapping        : Mapped URL path [/**] onto handler of type [class org.springframework.web.servlet.resource.ResourceHttpRequestHandler]
2020-08-07 10:55:48.616  INFO user-PC --- [           main] o.s.j.e.a.AnnotationMBeanExporter        : Registering beans for JMX exposure on startup
2020-08-07 10:55:48.619  INFO user-PC --- [           main] o.s.j.e.a.AnnotationMBeanExporter        : Bean with name 'dataSource' has been autodetected for JMX exposure
2020-08-07 10:55:48.626  INFO user-PC --- [           main] o.s.j.e.a.AnnotationMBeanExporter        : Located MBean 'dataSource': registering with JMX server as MBean [com.zaxxer.hikari:name=dataSource,type=HikariDataSource]
2020-08-07 10:55:48.670  INFO user-PC --- [           main] d.s.w.p.DocumentationPluginsBootstrapper : Context refreshed
2020-08-07 10:55:48.759  INFO user-PC --- [           main] d.s.w.p.DocumentationPluginsBootstrapper : Found 1 custom documentation plugin(s)
2020-08-07 10:55:48.775  INFO user-PC --- [           main] s.d.s.w.s.ApiListingReferenceScanner     : Scanning for api listing references
2020-08-07 10:55:49.415  INFO user-PC --- [           main] o.a.c.h.Http11NioProtocol                : Starting ProtocolHandler ["http-nio-8084"]
2020-08-07 10:55:49.733  INFO user-PC --- [           main] o.a.t.u.n.NioSelectorPool                : Using a shared selector for servlet write/read
2020-08-07 10:55:49.797  INFO user-PC --- [           main] o.s.b.w.e.t.TomcatWebServer              : Tomcat started on port(s): 8084 (http) with context path ''
2020-08-07 10:55:49.804  INFO user-PC --- [           main] c.R.L.RegisterLoanApplication            : Started RegisterLoanApplication in 44.592 seconds (JVM running for 46.954)
