2020-08-05 22:53:26.493  INFO ctsjcloud115 --- [           main] c.C.U.CustomerUpdateApplication          : The CustomerUpdateApplication app
2020-08-05 22:53:26.498 ERROR ctsjcloud115 --- [           main] c.C.U.CustomerUpdateApplication          : Error level log message
2020-08-05 22:53:26.915  INFO ctsjcloud115 --- [           main] c.C.U.CustomerUpdateApplication          : Starting CustomerUpdateApplication on ctsjcloud115 with PID 2736 (C:\Users\javacloudmc91\Downloads\case_study\CustomerUpdation\target\classes started by javacloudmc91 in C:\Users\javacloudmc91\Downloads\case_study\CustomerUpdation)
2020-08-05 22:53:26.918  INFO ctsjcloud115 --- [           main] c.C.U.CustomerUpdateApplication          : No active profile set, falling back to default profiles: default
2020-08-05 22:53:26.977  INFO ctsjcloud115 --- [           main] ConfigServletWebServerApplicationContext : Refreshing org.springframework.boot.web.servlet.context.AnnotationConfigServletWebServerApplicationContext@aeab9a1: startup date [Wed Aug 05 22:53:26 IST 2020]; root of context hierarchy
2020-08-05 22:53:28.703  INFO ctsjcloud115 --- [           main] o.s.b.w.e.t.TomcatWebServer              : Tomcat initialized with port(s): 8082 (http)
2020-08-05 22:53:28.735  INFO ctsjcloud115 --- [           main] o.a.c.h.Http11NioProtocol                : Initializing ProtocolHandler ["http-nio-8082"]
2020-08-05 22:53:28.750  INFO ctsjcloud115 --- [           main] o.a.c.c.StandardService                  : Starting service [Tomcat]
2020-08-05 22:53:28.751  INFO ctsjcloud115 --- [           main] o.a.c.c.StandardEngine                   : Starting Servlet Engine: Apache Tomcat/8.5.34
2020-08-05 22:53:28.766  INFO ctsjcloud115 --- [ost-startStop-1] o.a.c.c.AprLifecycleListener             : The APR based Apache Tomcat Native library which allows optimal performance in production environments was not found on the java.library.path: [C:\Program Files\Java\jdk-11.0.7\bin;C:\Windows\Sun\Java\bin;C:\Windows\system32;C:\Windows;C:/Program Files/Java/jdk-11.0.7/bin/server;C:/Program Files/Java/jdk-11.0.7/bin;C:\Program Files (x86)\Python38-32\Scripts\;C:\Program Files (x86)\Python38-32\;C:\Program Files (x86)\Microsoft SDKs\Azure\CLI2\wbin;C:\Windows\system32;C:\Windows;C:\Windows\System32\Wbem;C:\Windows\System32\WindowsPowerShell\v1.0\;C:\Program Files\Citrix\System32\;C:\Program Files\Citrix\ICAService\;C:\Program Files\Citrix\Virtual Desktop Agent\;C:\Program Files\Java\jdk-11.0.7\bin;C:\Program Files\Amazon\AWSCLIV2\;C:\Program Files\Git\cmd;C:\Program Files\Microsoft VS Code\bin;D:\java\curl-7.68.0-win64-mingw\curl-7.68.0-win64-mingw\bin;C:\apache-maven-3.6.3\bin;D:\sonarqube-8.3.1.34397\bin;C:\Program Files\Cloud Foundry;C:\Program Files (x86)\Groovy\bin;C:\Program Files\nodejs\;C:\Program Files\terraform_0.12.28_windows_amd64;C:\ProgramData\chocolatey\bin;C:\Users\User\AppData\Roaming\npm\node_modules\@angular\cli\bin;C:\Users\User\AppData\Roaming\npm;C:\kafka_2.13-2.5.0\bin;C:\Users\javacloudmc91\AppData\Local\Microsoft\WindowsApps;;D:\eclipse-java-2020-03-R-win32-x86_64\eclipse;;.]
2020-08-05 22:53:28.898  INFO ctsjcloud115 --- [ost-startStop-1] o.a.c.c.C.[.[.[/]                        : Initializing Spring embedded WebApplicationContext
2020-08-05 22:53:28.899  INFO ctsjcloud115 --- [ost-startStop-1] o.s.w.c.ContextLoader                    : Root WebApplicationContext: initialization completed in 1931 ms
2020-08-05 22:53:28.972  INFO ctsjcloud115 --- [ost-startStop-1] o.s.b.w.s.ServletRegistrationBean        : Servlet dispatcherServlet mapped to [/]
2020-08-05 22:53:28.978  INFO ctsjcloud115 --- [ost-startStop-1] o.s.b.w.s.FilterRegistrationBean         : Mapping filter: 'characterEncodingFilter' to: [/*]
2020-08-05 22:53:28.979  INFO ctsjcloud115 --- [ost-startStop-1] o.s.b.w.s.FilterRegistrationBean         : Mapping filter: 'hiddenHttpMethodFilter' to: [/*]
2020-08-05 22:53:28.979  INFO ctsjcloud115 --- [ost-startStop-1] o.s.b.w.s.FilterRegistrationBean         : Mapping filter: 'httpPutFormContentFilter' to: [/*]
2020-08-05 22:53:28.979  INFO ctsjcloud115 --- [ost-startStop-1] o.s.b.w.s.FilterRegistrationBean         : Mapping filter: 'requestContextFilter' to: [/*]
2020-08-05 22:53:29.419  INFO ctsjcloud115 --- [           main] s.w.s.m.m.a.RequestMappingHandlerMapping : Mapped "{[/registration],methods=[POST]}" onto public com.Customer.Updation.models.CustomerUpdateResponse com.Customer.Updation.controller.CustomerUpdateController.Test(com.Customer.Updation.models.CustomerUpdateDetail) throws java.lang.Exception
2020-08-05 22:53:29.422  INFO ctsjcloud115 --- [           main] s.w.s.m.m.a.RequestMappingHandlerMapping : Mapped "{[/v2/api-docs],methods=[GET],produces=[application/json || application/hal+json]}" onto public org.springframework.http.ResponseEntity<springfox.documentation.spring.web.json.Json> springfox.documentation.swagger2.web.Swagger2Controller.getDocumentation(java.lang.String,javax.servlet.http.HttpServletRequest)
2020-08-05 22:53:29.424  INFO ctsjcloud115 --- [           main] s.w.s.m.m.a.RequestMappingHandlerMapping : Mapped "{[/configuration/ui]}" onto org.springframework.http.ResponseEntity<springfox.documentation.swagger.web.UiConfiguration> springfox.documentation.swagger.web.ApiResourceController.uiConfiguration()
2020-08-05 22:53:29.425  INFO ctsjcloud115 --- [           main] s.w.s.m.m.a.RequestMappingHandlerMapping : Mapped "{[/swagger-resources]}" onto org.springframework.http.ResponseEntity<java.util.List<springfox.documentation.swagger.web.SwaggerResource>> springfox.documentation.swagger.web.ApiResourceController.swaggerResources()
2020-08-05 22:53:29.426  INFO ctsjcloud115 --- [           main] s.w.s.m.m.a.RequestMappingHandlerMapping : Mapped "{[/configuration/security]}" onto org.springframework.http.ResponseEntity<springfox.documentation.swagger.web.SecurityConfiguration> springfox.documentation.swagger.web.ApiResourceController.securityConfiguration()
2020-08-05 22:53:29.430  INFO ctsjcloud115 --- [           main] s.w.s.m.m.a.RequestMappingHandlerMapping : Mapped "{[/error]}" onto public org.springframework.http.ResponseEntity<java.util.Map<java.lang.String, java.lang.Object>> org.springframework.boot.autoconfigure.web.servlet.error.BasicErrorController.error(javax.servlet.http.HttpServletRequest)
2020-08-05 22:53:29.430  INFO ctsjcloud115 --- [           main] s.w.s.m.m.a.RequestMappingHandlerMapping : Mapped "{[/error],produces=[text/html]}" onto public org.springframework.web.servlet.ModelAndView org.springframework.boot.autoconfigure.web.servlet.error.BasicErrorController.errorHtml(javax.servlet.http.HttpServletRequest,javax.servlet.http.HttpServletResponse)
2020-08-05 22:53:29.596  INFO ctsjcloud115 --- [           main] o.s.w.s.h.SimpleUrlHandlerMapping        : Mapped URL path [/**/favicon.ico] onto handler of type [class org.springframework.web.servlet.resource.ResourceHttpRequestHandler]
2020-08-05 22:53:29.758  INFO ctsjcloud115 --- [           main] s.w.s.m.m.a.RequestMappingHandlerAdapter : Looking for @ControllerAdvice: org.springframework.boot.web.servlet.context.AnnotationConfigServletWebServerApplicationContext@aeab9a1: startup date [Wed Aug 05 22:53:26 IST 2020]; root of context hierarchy
2020-08-05 22:53:29.829  INFO ctsjcloud115 --- [           main] o.s.w.s.h.SimpleUrlHandlerMapping        : Mapped URL path [/webjars/**] onto handler of type [class org.springframework.web.servlet.resource.ResourceHttpRequestHandler]
2020-08-05 22:53:29.829  INFO ctsjcloud115 --- [           main] o.s.w.s.h.SimpleUrlHandlerMapping        : Mapped URL path [/**] onto handler of type [class org.springframework.web.servlet.resource.ResourceHttpRequestHandler]
2020-08-05 22:53:30.022  INFO ctsjcloud115 --- [           main] o.s.j.e.a.AnnotationMBeanExporter        : Registering beans for JMX exposure on startup
2020-08-05 22:53:30.067  INFO ctsjcloud115 --- [           main] d.s.w.p.DocumentationPluginsBootstrapper : Context refreshed
2020-08-05 22:53:30.117  INFO ctsjcloud115 --- [           main] d.s.w.p.DocumentationPluginsBootstrapper : Found 1 custom documentation plugin(s)
2020-08-05 22:53:30.127  INFO ctsjcloud115 --- [           main] s.d.s.w.s.ApiListingReferenceScanner     : Scanning for api listing references
2020-08-05 22:53:30.340  INFO ctsjcloud115 --- [           main] o.a.c.h.Http11NioProtocol                : Starting ProtocolHandler ["http-nio-8082"]
2020-08-05 22:53:30.377  INFO ctsjcloud115 --- [           main] o.a.t.u.n.NioSelectorPool                : Using a shared selector for servlet write/read
2020-08-05 22:53:30.412  INFO ctsjcloud115 --- [           main] o.s.b.w.e.t.TomcatWebServer              : Tomcat started on port(s): 8082 (http) with context path ''
2020-08-05 22:53:30.419  INFO ctsjcloud115 --- [           main] c.C.U.CustomerUpdateApplication          : Started CustomerUpdateApplication in 3.845 seconds (JVM running for 4.879)
2020-08-05 22:55:29.483  INFO ctsjcloud115 --- [           main] c.C.U.CustomerUpdateApplication          : The CustomerUpdateApplication app
2020-08-05 22:55:29.489 ERROR ctsjcloud115 --- [           main] c.C.U.CustomerUpdateApplication          : Error level log message
2020-08-05 22:55:29.913  INFO ctsjcloud115 --- [           main] c.C.U.CustomerUpdateApplication          : Starting CustomerUpdateApplication on ctsjcloud115 with PID 8400 (C:\Users\javacloudmc91\Downloads\case_study\CustomerUpdation\target\classes started by javacloudmc91 in C:\Users\javacloudmc91\Downloads\case_study\CustomerUpdation)
2020-08-05 22:55:29.915  INFO ctsjcloud115 --- [           main] c.C.U.CustomerUpdateApplication          : No active profile set, falling back to default profiles: default
2020-08-05 22:55:29.972  INFO ctsjcloud115 --- [           main] ConfigServletWebServerApplicationContext : Refreshing org.springframework.boot.web.servlet.context.AnnotationConfigServletWebServerApplicationContext@aeab9a1: startup date [Wed Aug 05 22:55:29 IST 2020]; root of context hierarchy
2020-08-05 22:55:31.853  INFO ctsjcloud115 --- [           main] o.s.b.w.e.t.TomcatWebServer              : Tomcat initialized with port(s): 8083 (http)
2020-08-05 22:55:31.896  INFO ctsjcloud115 --- [           main] o.a.c.h.Http11NioProtocol                : Initializing ProtocolHandler ["http-nio-8083"]
2020-08-05 22:55:31.911  INFO ctsjcloud115 --- [           main] o.a.c.c.StandardService                  : Starting service [Tomcat]
2020-08-05 22:55:31.912  INFO ctsjcloud115 --- [           main] o.a.c.c.StandardEngine                   : Starting Servlet Engine: Apache Tomcat/8.5.34
2020-08-05 22:55:31.928  INFO ctsjcloud115 --- [ost-startStop-1] o.a.c.c.AprLifecycleListener             : The APR based Apache Tomcat Native library which allows optimal performance in production environments was not found on the java.library.path: [C:\Program Files\Java\jdk-11.0.7\bin;C:\Windows\Sun\Java\bin;C:\Windows\system32;C:\Windows;C:/Program Files/Java/jdk-11.0.7/bin/server;C:/Program Files/Java/jdk-11.0.7/bin;C:\Program Files (x86)\Python38-32\Scripts\;C:\Program Files (x86)\Python38-32\;C:\Program Files (x86)\Microsoft SDKs\Azure\CLI2\wbin;C:\Windows\system32;C:\Windows;C:\Windows\System32\Wbem;C:\Windows\System32\WindowsPowerShell\v1.0\;C:\Program Files\Citrix\System32\;C:\Program Files\Citrix\ICAService\;C:\Program Files\Citrix\Virtual Desktop Agent\;C:\Program Files\Java\jdk-11.0.7\bin;C:\Program Files\Amazon\AWSCLIV2\;C:\Program Files\Git\cmd;C:\Program Files\Microsoft VS Code\bin;D:\java\curl-7.68.0-win64-mingw\curl-7.68.0-win64-mingw\bin;C:\apache-maven-3.6.3\bin;D:\sonarqube-8.3.1.34397\bin;C:\Program Files\Cloud Foundry;C:\Program Files (x86)\Groovy\bin;C:\Program Files\nodejs\;C:\Program Files\terraform_0.12.28_windows_amd64;C:\ProgramData\chocolatey\bin;C:\Users\User\AppData\Roaming\npm\node_modules\@angular\cli\bin;C:\Users\User\AppData\Roaming\npm;C:\kafka_2.13-2.5.0\bin;C:\Users\javacloudmc91\AppData\Local\Microsoft\WindowsApps;;D:\eclipse-java-2020-03-R-win32-x86_64\eclipse;;.]
2020-08-05 22:55:32.096  INFO ctsjcloud115 --- [ost-startStop-1] o.a.c.c.C.[.[.[/]                        : Initializing Spring embedded WebApplicationContext
2020-08-05 22:55:32.097  INFO ctsjcloud115 --- [ost-startStop-1] o.s.w.c.ContextLoader                    : Root WebApplicationContext: initialization completed in 2133 ms
2020-08-05 22:55:32.188  INFO ctsjcloud115 --- [ost-startStop-1] o.s.b.w.s.ServletRegistrationBean        : Servlet dispatcherServlet mapped to [/]
2020-08-05 22:55:32.194  INFO ctsjcloud115 --- [ost-startStop-1] o.s.b.w.s.FilterRegistrationBean         : Mapping filter: 'characterEncodingFilter' to: [/*]
2020-08-05 22:55:32.194  INFO ctsjcloud115 --- [ost-startStop-1] o.s.b.w.s.FilterRegistrationBean         : Mapping filter: 'hiddenHttpMethodFilter' to: [/*]
2020-08-05 22:55:32.195  INFO ctsjcloud115 --- [ost-startStop-1] o.s.b.w.s.FilterRegistrationBean         : Mapping filter: 'httpPutFormContentFilter' to: [/*]
2020-08-05 22:55:32.195  INFO ctsjcloud115 --- [ost-startStop-1] o.s.b.w.s.FilterRegistrationBean         : Mapping filter: 'requestContextFilter' to: [/*]
2020-08-05 22:55:32.739  INFO ctsjcloud115 --- [           main] s.w.s.m.m.a.RequestMappingHandlerMapping : Mapped "{[/registration],methods=[POST]}" onto public com.Customer.Updation.models.CustomerUpdateResponse com.Customer.Updation.controller.CustomerUpdateController.Test(com.Customer.Updation.models.CustomerUpdateDetail) throws java.lang.Exception
2020-08-05 22:55:32.743  INFO ctsjcloud115 --- [           main] s.w.s.m.m.a.RequestMappingHandlerMapping : Mapped "{[/v2/api-docs],methods=[GET],produces=[application/json || application/hal+json]}" onto public org.springframework.http.ResponseEntity<springfox.documentation.spring.web.json.Json> springfox.documentation.swagger2.web.Swagger2Controller.getDocumentation(java.lang.String,javax.servlet.http.HttpServletRequest)
2020-08-05 22:55:32.746  INFO ctsjcloud115 --- [           main] s.w.s.m.m.a.RequestMappingHandlerMapping : Mapped "{[/configuration/security]}" onto org.springframework.http.ResponseEntity<springfox.documentation.swagger.web.SecurityConfiguration> springfox.documentation.swagger.web.ApiResourceController.securityConfiguration()
2020-08-05 22:55:32.747  INFO ctsjcloud115 --- [           main] s.w.s.m.m.a.RequestMappingHandlerMapping : Mapped "{[/swagger-resources]}" onto org.springframework.http.ResponseEntity<java.util.List<springfox.documentation.swagger.web.SwaggerResource>> springfox.documentation.swagger.web.ApiResourceController.swaggerResources()
2020-08-05 22:55:32.748  INFO ctsjcloud115 --- [           main] s.w.s.m.m.a.RequestMappingHandlerMapping : Mapped "{[/configuration/ui]}" onto org.springframework.http.ResponseEntity<springfox.documentation.swagger.web.UiConfiguration> springfox.documentation.swagger.web.ApiResourceController.uiConfiguration()
2020-08-05 22:55:32.754  INFO ctsjcloud115 --- [           main] s.w.s.m.m.a.RequestMappingHandlerMapping : Mapped "{[/error]}" onto public org.springframework.http.ResponseEntity<java.util.Map<java.lang.String, java.lang.Object>> org.springframework.boot.autoconfigure.web.servlet.error.BasicErrorController.error(javax.servlet.http.HttpServletRequest)
2020-08-05 22:55:32.755  INFO ctsjcloud115 --- [           main] s.w.s.m.m.a.RequestMappingHandlerMapping : Mapped "{[/error],produces=[text/html]}" onto public org.springframework.web.servlet.ModelAndView org.springframework.boot.autoconfigure.web.servlet.error.BasicErrorController.errorHtml(javax.servlet.http.HttpServletRequest,javax.servlet.http.HttpServletResponse)
2020-08-05 22:55:32.921  INFO ctsjcloud115 --- [           main] o.s.w.s.h.SimpleUrlHandlerMapping        : Mapped URL path [/**/favicon.ico] onto handler of type [class org.springframework.web.servlet.resource.ResourceHttpRequestHandler]
2020-08-05 22:55:33.084  INFO ctsjcloud115 --- [           main] s.w.s.m.m.a.RequestMappingHandlerAdapter : Looking for @ControllerAdvice: org.springframework.boot.web.servlet.context.AnnotationConfigServletWebServerApplicationContext@aeab9a1: startup date [Wed Aug 05 22:55:29 IST 2020]; root of context hierarchy
2020-08-05 22:55:33.155  INFO ctsjcloud115 --- [           main] o.s.w.s.h.SimpleUrlHandlerMapping        : Mapped URL path [/webjars/**] onto handler of type [class org.springframework.web.servlet.resource.ResourceHttpRequestHandler]
2020-08-05 22:55:33.155  INFO ctsjcloud115 --- [           main] o.s.w.s.h.SimpleUrlHandlerMapping        : Mapped URL path [/**] onto handler of type [class org.springframework.web.servlet.resource.ResourceHttpRequestHandler]
2020-08-05 22:55:33.312  INFO ctsjcloud115 --- [           main] o.s.j.e.a.AnnotationMBeanExporter        : Registering beans for JMX exposure on startup
2020-08-05 22:55:33.326  INFO ctsjcloud115 --- [           main] d.s.w.p.DocumentationPluginsBootstrapper : Context refreshed
2020-08-05 22:55:33.358  INFO ctsjcloud115 --- [           main] d.s.w.p.DocumentationPluginsBootstrapper : Found 1 custom documentation plugin(s)
2020-08-05 22:55:33.370  INFO ctsjcloud115 --- [           main] s.d.s.w.s.ApiListingReferenceScanner     : Scanning for api listing references
2020-08-05 22:55:33.608  INFO ctsjcloud115 --- [           main] o.a.c.h.Http11NioProtocol                : Starting ProtocolHandler ["http-nio-8083"]
2020-08-05 22:55:33.627  INFO ctsjcloud115 --- [           main] o.a.t.u.n.NioSelectorPool                : Using a shared selector for servlet write/read
2020-08-05 22:55:33.649  INFO ctsjcloud115 --- [           main] o.s.b.w.e.t.TomcatWebServer              : Tomcat started on port(s): 8083 (http) with context path ''
2020-08-05 22:55:33.655  INFO ctsjcloud115 --- [           main] c.C.U.CustomerUpdateApplication          : Started CustomerUpdateApplication in 4.098 seconds (JVM running for 5.127)
2020-08-05 22:57:17.613  INFO ctsjcloud115 --- [           main] c.C.U.CustomerUpdateApplication          : The CustomerUpdateApplication app
2020-08-05 22:57:17.621 ERROR ctsjcloud115 --- [           main] c.C.U.CustomerUpdateApplication          : Error level log message
2020-08-05 22:57:18.208  INFO ctsjcloud115 --- [           main] c.C.U.CustomerUpdateApplication          : Starting CustomerUpdateApplication on ctsjcloud115 with PID 12652 (C:\Users\javacloudmc91\Downloads\case_study\CustomerUpdation\target\classes started by javacloudmc91 in C:\Users\javacloudmc91\Downloads\case_study\CustomerUpdation)
2020-08-05 22:57:18.210  INFO ctsjcloud115 --- [           main] c.C.U.CustomerUpdateApplication          : No active profile set, falling back to default profiles: default
2020-08-05 22:57:18.297  INFO ctsjcloud115 --- [           main] ConfigServletWebServerApplicationContext : Refreshing org.springframework.boot.web.servlet.context.AnnotationConfigServletWebServerApplicationContext@72b16078: startup date [Wed Aug 05 22:57:18 IST 2020]; root of context hierarchy
2020-08-05 22:57:20.883  INFO ctsjcloud115 --- [           main] o.s.b.w.e.t.TomcatWebServer              : Tomcat initialized with port(s): 8083 (http)
2020-08-05 22:57:20.932  INFO ctsjcloud115 --- [           main] o.a.c.h.Http11NioProtocol                : Initializing ProtocolHandler ["http-nio-8083"]
2020-08-05 22:57:20.952  INFO ctsjcloud115 --- [           main] o.a.c.c.StandardService                  : Starting service [Tomcat]
2020-08-05 22:57:20.953  INFO ctsjcloud115 --- [           main] o.a.c.c.StandardEngine                   : Starting Servlet Engine: Apache Tomcat/8.5.34
2020-08-05 22:57:20.969  INFO ctsjcloud115 --- [ost-startStop-1] o.a.c.c.AprLifecycleListener             : The APR based Apache Tomcat Native library which allows optimal performance in production environments was not found on the java.library.path: [C:\Program Files\Java\jdk-11.0.7\bin;C:\Windows\Sun\Java\bin;C:\Windows\system32;C:\Windows;C:/Program Files/Java/jdk-11.0.7/bin/server;C:/Program Files/Java/jdk-11.0.7/bin;C:\Program Files (x86)\Python38-32\Scripts\;C:\Program Files (x86)\Python38-32\;C:\Program Files (x86)\Microsoft SDKs\Azure\CLI2\wbin;C:\Windows\system32;C:\Windows;C:\Windows\System32\Wbem;C:\Windows\System32\WindowsPowerShell\v1.0\;C:\Program Files\Citrix\System32\;C:\Program Files\Citrix\ICAService\;C:\Program Files\Citrix\Virtual Desktop Agent\;C:\Program Files\Java\jdk-11.0.7\bin;C:\Program Files\Amazon\AWSCLIV2\;C:\Program Files\Git\cmd;C:\Program Files\Microsoft VS Code\bin;D:\java\curl-7.68.0-win64-mingw\curl-7.68.0-win64-mingw\bin;C:\apache-maven-3.6.3\bin;D:\sonarqube-8.3.1.34397\bin;C:\Program Files\Cloud Foundry;C:\Program Files (x86)\Groovy\bin;C:\Program Files\nodejs\;C:\Program Files\terraform_0.12.28_windows_amd64;C:\ProgramData\chocolatey\bin;C:\Users\User\AppData\Roaming\npm\node_modules\@angular\cli\bin;C:\Users\User\AppData\Roaming\npm;C:\kafka_2.13-2.5.0\bin;C:\Users\javacloudmc91\AppData\Local\Microsoft\WindowsApps;;D:\eclipse-java-2020-03-R-win32-x86_64\eclipse;;.]
2020-08-05 22:57:21.138  INFO ctsjcloud115 --- [ost-startStop-1] o.a.c.c.C.[.[.[/]                        : Initializing Spring embedded WebApplicationContext
2020-08-05 22:57:21.139  INFO ctsjcloud115 --- [ost-startStop-1] o.s.w.c.ContextLoader                    : Root WebApplicationContext: initialization completed in 2850 ms
2020-08-05 22:57:21.252  INFO ctsjcloud115 --- [ost-startStop-1] o.s.b.w.s.ServletRegistrationBean        : Servlet dispatcherServlet mapped to [/]
2020-08-05 22:57:21.259  INFO ctsjcloud115 --- [ost-startStop-1] o.s.b.w.s.FilterRegistrationBean         : Mapping filter: 'characterEncodingFilter' to: [/*]
2020-08-05 22:57:21.259  INFO ctsjcloud115 --- [ost-startStop-1] o.s.b.w.s.FilterRegistrationBean         : Mapping filter: 'hiddenHttpMethodFilter' to: [/*]
2020-08-05 22:57:21.259  INFO ctsjcloud115 --- [ost-startStop-1] o.s.b.w.s.FilterRegistrationBean         : Mapping filter: 'httpPutFormContentFilter' to: [/*]
2020-08-05 22:57:21.260  INFO ctsjcloud115 --- [ost-startStop-1] o.s.b.w.s.FilterRegistrationBean         : Mapping filter: 'requestContextFilter' to: [/*]
2020-08-05 22:57:22.056  INFO ctsjcloud115 --- [           main] s.w.s.m.m.a.RequestMappingHandlerMapping : Mapped "{[/registration],methods=[POST]}" onto public com.Customer.Updation.models.CustomerUpdateResponse com.Customer.Updation.controller.CustomerUpdateController.Test(com.Customer.Updation.models.CustomerUpdateDetail) throws java.lang.Exception
2020-08-05 22:57:22.059  INFO ctsjcloud115 --- [           main] s.w.s.m.m.a.RequestMappingHandlerMapping : Mapped "{[/v2/api-docs],methods=[GET],produces=[application/json || application/hal+json]}" onto public org.springframework.http.ResponseEntity<springfox.documentation.spring.web.json.Json> springfox.documentation.swagger2.web.Swagger2Controller.getDocumentation(java.lang.String,javax.servlet.http.HttpServletRequest)
2020-08-05 22:57:22.063  INFO ctsjcloud115 --- [           main] s.w.s.m.m.a.RequestMappingHandlerMapping : Mapped "{[/configuration/ui]}" onto org.springframework.http.ResponseEntity<springfox.documentation.swagger.web.UiConfiguration> springfox.documentation.swagger.web.ApiResourceController.uiConfiguration()
2020-08-05 22:57:22.065  INFO ctsjcloud115 --- [           main] s.w.s.m.m.a.RequestMappingHandlerMapping : Mapped "{[/swagger-resources]}" onto org.springframework.http.ResponseEntity<java.util.List<springfox.documentation.swagger.web.SwaggerResource>> springfox.documentation.swagger.web.ApiResourceController.swaggerResources()
2020-08-05 22:57:22.066  INFO ctsjcloud115 --- [           main] s.w.s.m.m.a.RequestMappingHandlerMapping : Mapped "{[/configuration/security]}" onto org.springframework.http.ResponseEntity<springfox.documentation.swagger.web.SecurityConfiguration> springfox.documentation.swagger.web.ApiResourceController.securityConfiguration()
2020-08-05 22:57:22.070  INFO ctsjcloud115 --- [           main] s.w.s.m.m.a.RequestMappingHandlerMapping : Mapped "{[/error]}" onto public org.springframework.http.ResponseEntity<java.util.Map<java.lang.String, java.lang.Object>> org.springframework.boot.autoconfigure.web.servlet.error.BasicErrorController.error(javax.servlet.http.HttpServletRequest)
2020-08-05 22:57:22.071  INFO ctsjcloud115 --- [           main] s.w.s.m.m.a.RequestMappingHandlerMapping : Mapped "{[/error],produces=[text/html]}" onto public org.springframework.web.servlet.ModelAndView org.springframework.boot.autoconfigure.web.servlet.error.BasicErrorController.errorHtml(javax.servlet.http.HttpServletRequest,javax.servlet.http.HttpServletResponse)
2020-08-05 22:57:22.371  INFO ctsjcloud115 --- [           main] o.s.w.s.h.SimpleUrlHandlerMapping        : Mapped URL path [/**/favicon.ico] onto handler of type [class org.springframework.web.servlet.resource.ResourceHttpRequestHandler]
2020-08-05 22:57:22.582  INFO ctsjcloud115 --- [           main] s.w.s.m.m.a.RequestMappingHandlerAdapter : Looking for @ControllerAdvice: org.springframework.boot.web.servlet.context.AnnotationConfigServletWebServerApplicationContext@72b16078: startup date [Wed Aug 05 22:57:18 IST 2020]; root of context hierarchy
2020-08-05 22:57:22.669  INFO ctsjcloud115 --- [           main] o.s.w.s.h.SimpleUrlHandlerMapping        : Mapped URL path [/webjars/**] onto handler of type [class org.springframework.web.servlet.resource.ResourceHttpRequestHandler]
2020-08-05 22:57:22.670  INFO ctsjcloud115 --- [           main] o.s.w.s.h.SimpleUrlHandlerMapping        : Mapped URL path [/**] onto handler of type [class org.springframework.web.servlet.resource.ResourceHttpRequestHandler]
2020-08-05 22:57:22.885  INFO ctsjcloud115 --- [           main] o.s.j.e.a.AnnotationMBeanExporter        : Registering beans for JMX exposure on startup
2020-08-05 22:57:22.914  INFO ctsjcloud115 --- [           main] d.s.w.p.DocumentationPluginsBootstrapper : Context refreshed
2020-08-05 22:57:22.966  INFO ctsjcloud115 --- [           main] d.s.w.p.DocumentationPluginsBootstrapper : Found 1 custom documentation plugin(s)
2020-08-05 22:57:22.980  INFO ctsjcloud115 --- [           main] s.d.s.w.s.ApiListingReferenceScanner     : Scanning for api listing references
2020-08-05 22:57:23.212  INFO ctsjcloud115 --- [           main] o.a.c.h.Http11NioProtocol                : Starting ProtocolHandler ["http-nio-8083"]
2020-08-05 22:57:23.232  INFO ctsjcloud115 --- [           main] o.a.t.u.n.NioSelectorPool                : Using a shared selector for servlet write/read
2020-08-05 22:57:23.258  INFO ctsjcloud115 --- [           main] o.s.b.w.e.t.TomcatWebServer              : Tomcat started on port(s): 8083 (http) with context path ''
2020-08-05 22:57:23.265  INFO ctsjcloud115 --- [           main] c.C.U.CustomerUpdateApplication          : Started CustomerUpdateApplication in 5.527 seconds (JVM running for 7.28)
2020-08-05 22:59:11.970  INFO ctsjcloud115 --- [nio-8083-exec-1] o.a.c.c.C.[.[.[/]                        : Initializing Spring FrameworkServlet 'dispatcherServlet'
2020-08-05 22:59:11.971  INFO ctsjcloud115 --- [nio-8083-exec-1] o.s.w.s.DispatcherServlet                : FrameworkServlet 'dispatcherServlet': initialization started
2020-08-05 22:59:12.006  INFO ctsjcloud115 --- [nio-8083-exec-1] o.s.w.s.DispatcherServlet                : FrameworkServlet 'dispatcherServlet': initialization completed in 35 ms
2020-08-05 22:59:41.301  INFO ctsjcloud115 --- [           main] c.C.U.CustomerUpdateApplication          : The CustomerUpdateApplication app
2020-08-05 22:59:41.311 ERROR ctsjcloud115 --- [           main] c.C.U.CustomerUpdateApplication          : Error level log message
2020-08-05 22:59:41.937  INFO ctsjcloud115 --- [           main] c.C.U.CustomerUpdateApplication          : Starting CustomerUpdateApplication on ctsjcloud115 with PID 14836 (C:\Users\javacloudmc91\Downloads\case_study\CustomerUpdation\target\classes started by javacloudmc91 in C:\Users\javacloudmc91\Downloads\case_study\CustomerUpdation)
2020-08-05 22:59:41.941  INFO ctsjcloud115 --- [           main] c.C.U.CustomerUpdateApplication          : No active profile set, falling back to default profiles: default
2020-08-05 22:59:42.030  INFO ctsjcloud115 --- [           main] ConfigServletWebServerApplicationContext : Refreshing org.springframework.boot.web.servlet.context.AnnotationConfigServletWebServerApplicationContext@76a36b71: startup date [Wed Aug 05 22:59:42 IST 2020]; root of context hierarchy
2020-08-05 22:59:44.602  INFO ctsjcloud115 --- [           main] o.s.b.w.e.t.TomcatWebServer              : Tomcat initialized with port(s): 8083 (http)
2020-08-05 22:59:44.649  INFO ctsjcloud115 --- [           main] o.a.c.h.Http11NioProtocol                : Initializing ProtocolHandler ["http-nio-8083"]
2020-08-05 22:59:44.669  INFO ctsjcloud115 --- [           main] o.a.c.c.StandardService                  : Starting service [Tomcat]
2020-08-05 22:59:44.670  INFO ctsjcloud115 --- [           main] o.a.c.c.StandardEngine                   : Starting Servlet Engine: Apache Tomcat/8.5.34
2020-08-05 22:59:44.687  INFO ctsjcloud115 --- [ost-startStop-1] o.a.c.c.AprLifecycleListener             : The APR based Apache Tomcat Native library which allows optimal performance in production environments was not found on the java.library.path: [C:\Program Files\Java\jdk-11.0.7\bin;C:\Windows\Sun\Java\bin;C:\Windows\system32;C:\Windows;C:/Program Files/Java/jdk-11.0.7/bin/server;C:/Program Files/Java/jdk-11.0.7/bin;C:\Program Files (x86)\Python38-32\Scripts\;C:\Program Files (x86)\Python38-32\;C:\Program Files (x86)\Microsoft SDKs\Azure\CLI2\wbin;C:\Windows\system32;C:\Windows;C:\Windows\System32\Wbem;C:\Windows\System32\WindowsPowerShell\v1.0\;C:\Program Files\Citrix\System32\;C:\Program Files\Citrix\ICAService\;C:\Program Files\Citrix\Virtual Desktop Agent\;C:\Program Files\Java\jdk-11.0.7\bin;C:\Program Files\Amazon\AWSCLIV2\;C:\Program Files\Git\cmd;C:\Program Files\Microsoft VS Code\bin;D:\java\curl-7.68.0-win64-mingw\curl-7.68.0-win64-mingw\bin;C:\apache-maven-3.6.3\bin;D:\sonarqube-8.3.1.34397\bin;C:\Program Files\Cloud Foundry;C:\Program Files (x86)\Groovy\bin;C:\Program Files\nodejs\;C:\Program Files\terraform_0.12.28_windows_amd64;C:\ProgramData\chocolatey\bin;C:\Users\User\AppData\Roaming\npm\node_modules\@angular\cli\bin;C:\Users\User\AppData\Roaming\npm;C:\kafka_2.13-2.5.0\bin;C:\Users\javacloudmc91\AppData\Local\Microsoft\WindowsApps;;D:\eclipse-java-2020-03-R-win32-x86_64\eclipse;;.]
2020-08-05 22:59:44.850  INFO ctsjcloud115 --- [ost-startStop-1] o.a.c.c.C.[.[.[/]                        : Initializing Spring embedded WebApplicationContext
2020-08-05 22:59:44.850  INFO ctsjcloud115 --- [ost-startStop-1] o.s.w.c.ContextLoader                    : Root WebApplicationContext: initialization completed in 2831 ms
2020-08-05 22:59:44.955  INFO ctsjcloud115 --- [ost-startStop-1] o.s.b.w.s.ServletRegistrationBean        : Servlet dispatcherServlet mapped to [/]
2020-08-05 22:59:44.962  INFO ctsjcloud115 --- [ost-startStop-1] o.s.b.w.s.FilterRegistrationBean         : Mapping filter: 'characterEncodingFilter' to: [/*]
2020-08-05 22:59:44.962  INFO ctsjcloud115 --- [ost-startStop-1] o.s.b.w.s.FilterRegistrationBean         : Mapping filter: 'hiddenHttpMethodFilter' to: [/*]
2020-08-05 22:59:44.963  INFO ctsjcloud115 --- [ost-startStop-1] o.s.b.w.s.FilterRegistrationBean         : Mapping filter: 'httpPutFormContentFilter' to: [/*]
2020-08-05 22:59:44.963  INFO ctsjcloud115 --- [ost-startStop-1] o.s.b.w.s.FilterRegistrationBean         : Mapping filter: 'requestContextFilter' to: [/*]
2020-08-05 22:59:45.690  INFO ctsjcloud115 --- [           main] s.w.s.m.m.a.RequestMappingHandlerMapping : Mapped "{[/update],methods=[POST]}" onto public com.Customer.Updation.models.CustomerUpdateResponse com.Customer.Updation.controller.CustomerUpdateController.Test(com.Customer.Updation.models.CustomerUpdateDetail) throws java.lang.Exception
2020-08-05 22:59:45.694  INFO ctsjcloud115 --- [           main] s.w.s.m.m.a.RequestMappingHandlerMapping : Mapped "{[/v2/api-docs],methods=[GET],produces=[application/json || application/hal+json]}" onto public org.springframework.http.ResponseEntity<springfox.documentation.spring.web.json.Json> springfox.documentation.swagger2.web.Swagger2Controller.getDocumentation(java.lang.String,javax.servlet.http.HttpServletRequest)
2020-08-05 22:59:45.697  INFO ctsjcloud115 --- [           main] s.w.s.m.m.a.RequestMappingHandlerMapping : Mapped "{[/configuration/security]}" onto org.springframework.http.ResponseEntity<springfox.documentation.swagger.web.SecurityConfiguration> springfox.documentation.swagger.web.ApiResourceController.securityConfiguration()
2020-08-05 22:59:45.698  INFO ctsjcloud115 --- [           main] s.w.s.m.m.a.RequestMappingHandlerMapping : Mapped "{[/configuration/ui]}" onto org.springframework.http.ResponseEntity<springfox.documentation.swagger.web.UiConfiguration> springfox.documentation.swagger.web.ApiResourceController.uiConfiguration()
2020-08-05 22:59:45.699  INFO ctsjcloud115 --- [           main] s.w.s.m.m.a.RequestMappingHandlerMapping : Mapped "{[/swagger-resources]}" onto org.springframework.http.ResponseEntity<java.util.List<springfox.documentation.swagger.web.SwaggerResource>> springfox.documentation.swagger.web.ApiResourceController.swaggerResources()
2020-08-05 22:59:45.702  INFO ctsjcloud115 --- [           main] s.w.s.m.m.a.RequestMappingHandlerMapping : Mapped "{[/error]}" onto public org.springframework.http.ResponseEntity<java.util.Map<java.lang.String, java.lang.Object>> org.springframework.boot.autoconfigure.web.servlet.error.BasicErrorController.error(javax.servlet.http.HttpServletRequest)
2020-08-05 22:59:45.703  INFO ctsjcloud115 --- [           main] s.w.s.m.m.a.RequestMappingHandlerMapping : Mapped "{[/error],produces=[text/html]}" onto public org.springframework.web.servlet.ModelAndView org.springframework.boot.autoconfigure.web.servlet.error.BasicErrorController.errorHtml(javax.servlet.http.HttpServletRequest,javax.servlet.http.HttpServletResponse)
2020-08-05 22:59:45.987  INFO ctsjcloud115 --- [           main] o.s.w.s.h.SimpleUrlHandlerMapping        : Mapped URL path [/**/favicon.ico] onto handler of type [class org.springframework.web.servlet.resource.ResourceHttpRequestHandler]
2020-08-05 22:59:46.222  INFO ctsjcloud115 --- [           main] s.w.s.m.m.a.RequestMappingHandlerAdapter : Looking for @ControllerAdvice: org.springframework.boot.web.servlet.context.AnnotationConfigServletWebServerApplicationContext@76a36b71: startup date [Wed Aug 05 22:59:42 IST 2020]; root of context hierarchy
2020-08-05 22:59:46.321  INFO ctsjcloud115 --- [           main] o.s.w.s.h.SimpleUrlHandlerMapping        : Mapped URL path [/webjars/**] onto handler of type [class org.springframework.web.servlet.resource.ResourceHttpRequestHandler]
2020-08-05 22:59:46.321  INFO ctsjcloud115 --- [           main] o.s.w.s.h.SimpleUrlHandlerMapping        : Mapped URL path [/**] onto handler of type [class org.springframework.web.servlet.resource.ResourceHttpRequestHandler]
2020-08-05 22:59:46.600  INFO ctsjcloud115 --- [           main] o.s.j.e.a.AnnotationMBeanExporter        : Registering beans for JMX exposure on startup
2020-08-05 22:59:46.622  INFO ctsjcloud115 --- [           main] d.s.w.p.DocumentationPluginsBootstrapper : Context refreshed
2020-08-05 22:59:46.663  INFO ctsjcloud115 --- [           main] d.s.w.p.DocumentationPluginsBootstrapper : Found 1 custom documentation plugin(s)
2020-08-05 22:59:46.676  INFO ctsjcloud115 --- [           main] s.d.s.w.s.ApiListingReferenceScanner     : Scanning for api listing references
2020-08-05 22:59:46.955  INFO ctsjcloud115 --- [           main] o.a.c.h.Http11NioProtocol                : Starting ProtocolHandler ["http-nio-8083"]
2020-08-05 22:59:46.978  INFO ctsjcloud115 --- [           main] o.a.t.u.n.NioSelectorPool                : Using a shared selector for servlet write/read
2020-08-05 22:59:47.017  INFO ctsjcloud115 --- [           main] o.s.b.w.e.t.TomcatWebServer              : Tomcat started on port(s): 8083 (http) with context path ''
2020-08-05 22:59:47.021  INFO ctsjcloud115 --- [           main] c.C.U.CustomerUpdateApplication          : Started CustomerUpdateApplication in 5.564 seconds (JVM running for 7.127)
2020-08-05 22:59:52.083  INFO ctsjcloud115 --- [nio-8083-exec-1] o.a.c.c.C.[.[.[/]                        : Initializing Spring FrameworkServlet 'dispatcherServlet'
2020-08-05 22:59:52.083  INFO ctsjcloud115 --- [nio-8083-exec-1] o.s.w.s.DispatcherServlet                : FrameworkServlet 'dispatcherServlet': initialization started
2020-08-05 22:59:52.116  INFO ctsjcloud115 --- [nio-8083-exec-1] o.s.w.s.DispatcherServlet                : FrameworkServlet 'dispatcherServlet': initialization completed in 33 ms
2020-08-05 22:59:58.732  INFO ctsjcloud115 --- [nio-8083-exec-1] c.C.U.s.CustomerUpdateService            : CustomerUpdation : Inside Customer Updation Service
2020-08-05 23:00:11.385  INFO ctsjcloud115 --- [nio-8083-exec-1] c.C.U.s.CustomerUpdateService            : address name cannot be blank
2020-08-05 23:00:55.625  INFO ctsjcloud115 --- [nio-8083-exec-7] c.C.U.s.CustomerUpdateService            : CustomerUpdation : Inside Customer Updation Service
2020-08-05 23:01:53.240  INFO ctsjcloud115 --- [nio-8083-exec-2] c.C.U.s.CustomerUpdateService            : CustomerUpdation : Inside Customer Updation Service
2020-08-05 23:02:10.687  INFO ctsjcloud115 --- [nio-8083-exec-2] c.C.U.s.CustomerUpdateService            : The cutomer detail is updated
2020-08-05 23:03:55.266  INFO ctsjcloud115 --- [           main] c.C.U.CustomerUpdateApplication          : The CustomerUpdateApplication app
2020-08-05 23:03:55.275 ERROR ctsjcloud115 --- [           main] c.C.U.CustomerUpdateApplication          : Error level log message
2020-08-05 23:03:55.892  INFO ctsjcloud115 --- [           main] c.C.U.CustomerUpdateApplication          : Starting CustomerUpdateApplication on ctsjcloud115 with PID 15940 (C:\Users\javacloudmc91\Downloads\case_study\CustomerUpdation\target\classes started by javacloudmc91 in C:\Users\javacloudmc91\Downloads\case_study\CustomerUpdation)
2020-08-05 23:03:55.893  INFO ctsjcloud115 --- [           main] c.C.U.CustomerUpdateApplication          : No active profile set, falling back to default profiles: default
2020-08-05 23:03:55.978  INFO ctsjcloud115 --- [           main] ConfigServletWebServerApplicationContext : Refreshing org.springframework.boot.web.servlet.context.AnnotationConfigServletWebServerApplicationContext@72b16078: startup date [Wed Aug 05 23:03:55 IST 2020]; root of context hierarchy
2020-08-05 23:03:58.906  INFO ctsjcloud115 --- [           main] o.s.b.w.e.t.TomcatWebServer              : Tomcat initialized with port(s): 8083 (http)
2020-08-05 23:03:59.014  INFO ctsjcloud115 --- [           main] o.a.c.h.Http11NioProtocol                : Initializing ProtocolHandler ["http-nio-8083"]
2020-08-05 23:03:59.039  INFO ctsjcloud115 --- [           main] o.a.c.c.StandardService                  : Starting service [Tomcat]
2020-08-05 23:03:59.041  INFO ctsjcloud115 --- [           main] o.a.c.c.StandardEngine                   : Starting Servlet Engine: Apache Tomcat/8.5.34
2020-08-05 23:03:59.280  INFO ctsjcloud115 --- [ost-startStop-1] o.a.c.c.AprLifecycleListener             : The APR based Apache Tomcat Native library which allows optimal performance in production environments was not found on the java.library.path: [C:\Program Files\Java\jdk-11.0.7\bin;C:\Windows\Sun\Java\bin;C:\Windows\system32;C:\Windows;C:/Program Files/Java/jdk-11.0.7/bin/server;C:/Program Files/Java/jdk-11.0.7/bin;C:\Program Files (x86)\Python38-32\Scripts\;C:\Program Files (x86)\Python38-32\;C:\Program Files (x86)\Microsoft SDKs\Azure\CLI2\wbin;C:\Windows\system32;C:\Windows;C:\Windows\System32\Wbem;C:\Windows\System32\WindowsPowerShell\v1.0\;C:\Program Files\Citrix\System32\;C:\Program Files\Citrix\ICAService\;C:\Program Files\Citrix\Virtual Desktop Agent\;C:\Program Files\Java\jdk-11.0.7\bin;C:\Program Files\Amazon\AWSCLIV2\;C:\Program Files\Git\cmd;C:\Program Files\Microsoft VS Code\bin;D:\java\curl-7.68.0-win64-mingw\curl-7.68.0-win64-mingw\bin;C:\apache-maven-3.6.3\bin;D:\sonarqube-8.3.1.34397\bin;C:\Program Files\Cloud Foundry;C:\Program Files (x86)\Groovy\bin;C:\Program Files\nodejs\;C:\Program Files\terraform_0.12.28_windows_amd64;C:\ProgramData\chocolatey\bin;C:\Users\User\AppData\Roaming\npm\node_modules\@angular\cli\bin;C:\Users\User\AppData\Roaming\npm;C:\kafka_2.13-2.5.0\bin;C:\Users\javacloudmc91\AppData\Local\Microsoft\WindowsApps;;D:\eclipse-java-2020-03-R-win32-x86_64\eclipse;;.]
2020-08-05 23:03:59.516  INFO ctsjcloud115 --- [ost-startStop-1] o.a.c.c.C.[.[.[/]                        : Initializing Spring embedded WebApplicationContext
2020-08-05 23:03:59.516  INFO ctsjcloud115 --- [ost-startStop-1] o.s.w.c.ContextLoader                    : Root WebApplicationContext: initialization completed in 3548 ms
2020-08-05 23:03:59.617  INFO ctsjcloud115 --- [ost-startStop-1] o.s.b.w.s.ServletRegistrationBean        : Servlet dispatcherServlet mapped to [/]
2020-08-05 23:03:59.625  INFO ctsjcloud115 --- [ost-startStop-1] o.s.b.w.s.FilterRegistrationBean         : Mapping filter: 'characterEncodingFilter' to: [/*]
2020-08-05 23:03:59.626  INFO ctsjcloud115 --- [ost-startStop-1] o.s.b.w.s.FilterRegistrationBean         : Mapping filter: 'hiddenHttpMethodFilter' to: [/*]
2020-08-05 23:03:59.626  INFO ctsjcloud115 --- [ost-startStop-1] o.s.b.w.s.FilterRegistrationBean         : Mapping filter: 'httpPutFormContentFilter' to: [/*]
2020-08-05 23:03:59.626  INFO ctsjcloud115 --- [ost-startStop-1] o.s.b.w.s.FilterRegistrationBean         : Mapping filter: 'requestContextFilter' to: [/*]
2020-08-05 23:04:00.679  INFO ctsjcloud115 --- [           main] s.w.s.m.m.a.RequestMappingHandlerMapping : Mapped "{[/update],methods=[POST]}" onto public com.Customer.Updation.models.CustomerUpdateResponse com.Customer.Updation.controller.CustomerUpdateController.Test(com.Customer.Updation.models.CustomerUpdateDetail) throws java.lang.Exception
2020-08-05 23:04:00.683  INFO ctsjcloud115 --- [           main] s.w.s.m.m.a.RequestMappingHandlerMapping : Mapped "{[/v2/api-docs],methods=[GET],produces=[application/json || application/hal+json]}" onto public org.springframework.http.ResponseEntity<springfox.documentation.spring.web.json.Json> springfox.documentation.swagger2.web.Swagger2Controller.getDocumentation(java.lang.String,javax.servlet.http.HttpServletRequest)
2020-08-05 23:04:00.688  INFO ctsjcloud115 --- [           main] s.w.s.m.m.a.RequestMappingHandlerMapping : Mapped "{[/configuration/security]}" onto org.springframework.http.ResponseEntity<springfox.documentation.swagger.web.SecurityConfiguration> springfox.documentation.swagger.web.ApiResourceController.securityConfiguration()
2020-08-05 23:04:00.689  INFO ctsjcloud115 --- [           main] s.w.s.m.m.a.RequestMappingHandlerMapping : Mapped "{[/swagger-resources]}" onto org.springframework.http.ResponseEntity<java.util.List<springfox.documentation.swagger.web.SwaggerResource>> springfox.documentation.swagger.web.ApiResourceController.swaggerResources()
2020-08-05 23:04:00.690  INFO ctsjcloud115 --- [           main] s.w.s.m.m.a.RequestMappingHandlerMapping : Mapped "{[/configuration/ui]}" onto org.springframework.http.ResponseEntity<springfox.documentation.swagger.web.UiConfiguration> springfox.documentation.swagger.web.ApiResourceController.uiConfiguration()
2020-08-05 23:04:00.694  INFO ctsjcloud115 --- [           main] s.w.s.m.m.a.RequestMappingHandlerMapping : Mapped "{[/error],produces=[text/html]}" onto public org.springframework.web.servlet.ModelAndView org.springframework.boot.autoconfigure.web.servlet.error.BasicErrorController.errorHtml(javax.servlet.http.HttpServletRequest,javax.servlet.http.HttpServletResponse)
2020-08-05 23:04:00.695  INFO ctsjcloud115 --- [           main] s.w.s.m.m.a.RequestMappingHandlerMapping : Mapped "{[/error]}" onto public org.springframework.http.ResponseEntity<java.util.Map<java.lang.String, java.lang.Object>> org.springframework.boot.autoconfigure.web.servlet.error.BasicErrorController.error(javax.servlet.http.HttpServletRequest)
2020-08-05 23:04:01.083  INFO ctsjcloud115 --- [           main] o.s.w.s.h.SimpleUrlHandlerMapping        : Mapped URL path [/**/favicon.ico] onto handler of type [class org.springframework.web.servlet.resource.ResourceHttpRequestHandler]
2020-08-05 23:04:01.448  INFO ctsjcloud115 --- [           main] s.w.s.m.m.a.RequestMappingHandlerAdapter : Looking for @ControllerAdvice: org.springframework.boot.web.servlet.context.AnnotationConfigServletWebServerApplicationContext@72b16078: startup date [Wed Aug 05 23:03:55 IST 2020]; root of context hierarchy
2020-08-05 23:04:01.545  INFO ctsjcloud115 --- [           main] o.s.w.s.h.SimpleUrlHandlerMapping        : Mapped URL path [/webjars/**] onto handler of type [class org.springframework.web.servlet.resource.ResourceHttpRequestHandler]
2020-08-05 23:04:01.546  INFO ctsjcloud115 --- [           main] o.s.w.s.h.SimpleUrlHandlerMapping        : Mapped URL path [/**] onto handler of type [class org.springframework.web.servlet.resource.ResourceHttpRequestHandler]
2020-08-05 23:04:01.980  INFO ctsjcloud115 --- [           main] o.s.j.e.a.AnnotationMBeanExporter        : Registering beans for JMX exposure on startup
2020-08-05 23:04:02.003  INFO ctsjcloud115 --- [           main] d.s.w.p.DocumentationPluginsBootstrapper : Context refreshed
2020-08-05 23:04:02.048  INFO ctsjcloud115 --- [           main] d.s.w.p.DocumentationPluginsBootstrapper : Found 1 custom documentation plugin(s)
2020-08-05 23:04:02.061  INFO ctsjcloud115 --- [           main] s.d.s.w.s.ApiListingReferenceScanner     : Scanning for api listing references
2020-08-05 23:04:02.659  INFO ctsjcloud115 --- [           main] o.a.c.h.Http11NioProtocol                : Starting ProtocolHandler ["http-nio-8083"]
2020-08-05 23:04:02.680  INFO ctsjcloud115 --- [           main] o.a.t.u.n.NioSelectorPool                : Using a shared selector for servlet write/read
2020-08-05 23:04:02.710  INFO ctsjcloud115 --- [           main] o.s.b.w.e.t.TomcatWebServer              : Tomcat started on port(s): 8083 (http) with context path ''
2020-08-05 23:04:02.718  INFO ctsjcloud115 --- [           main] c.C.U.CustomerUpdateApplication          : Started CustomerUpdateApplication in 7.317 seconds (JVM running for 9.002)
2020-08-05 23:04:06.509  INFO ctsjcloud115 --- [nio-8083-exec-2] o.a.c.c.C.[.[.[/]                        : Initializing Spring FrameworkServlet 'dispatcherServlet'
2020-08-05 23:04:06.509  INFO ctsjcloud115 --- [nio-8083-exec-2] o.s.w.s.DispatcherServlet                : FrameworkServlet 'dispatcherServlet': initialization started
2020-08-05 23:04:06.569  INFO ctsjcloud115 --- [nio-8083-exec-2] o.s.w.s.DispatcherServlet                : FrameworkServlet 'dispatcherServlet': initialization completed in 60 ms
2020-08-05 23:04:10.464  INFO ctsjcloud115 --- [nio-8083-exec-2] c.C.U.s.CustomerUpdateService            : CustomerUpdation : Inside Customer Updation Service
2020-08-05 23:04:36.844  INFO ctsjcloud115 --- [nio-8083-exec-2] c.C.U.s.CustomerUpdateService            : The cutomer detail is updated
