2020-08-06 00:10:20.094  INFO ctsjcloud115 --- [           main] c.R.L.RegisterLoanApplication            : The RegisterLoan app
2020-08-06 00:10:20.113 ERROR ctsjcloud115 --- [           main] c.R.L.RegisterLoanApplication            : Error level log message
2020-08-06 00:10:20.773  INFO ctsjcloud115 --- [           main] c.R.L.RegisterLoanApplication            : Starting RegisterLoanApplication on ctsjcloud115 with PID 15776 (C:\Users\javacloudmc91\Downloads\case_study\RegisterLoan\target\classes started by javacloudmc91 in C:\Users\javacloudmc91\Downloads\case_study\RegisterLoan)
2020-08-06 00:10:21.205  INFO ctsjcloud115 --- [           main] c.R.L.RegisterLoanApplication            : No active profile set, falling back to default profiles: default
2020-08-06 00:10:21.279  INFO ctsjcloud115 --- [           main] ConfigServletWebServerApplicationContext : Refreshing org.springframework.boot.web.servlet.context.AnnotationConfigServletWebServerApplicationContext@476aac9: startup date [Thu Aug 06 00:10:21 IST 2020]; root of context hierarchy
2020-08-06 00:10:24.210  INFO ctsjcloud115 --- [           main] o.s.b.w.e.t.TomcatWebServer              : Tomcat initialized with port(s): 8084 (http)
2020-08-06 00:10:24.261  INFO ctsjcloud115 --- [           main] o.a.c.h.Http11NioProtocol                : Initializing ProtocolHandler ["http-nio-8084"]
2020-08-06 00:10:24.279  INFO ctsjcloud115 --- [           main] o.a.c.c.StandardService                  : Starting service [Tomcat]
2020-08-06 00:10:24.280  INFO ctsjcloud115 --- [           main] o.a.c.c.StandardEngine                   : Starting Servlet Engine: Apache Tomcat/8.5.34
2020-08-06 00:10:24.298  INFO ctsjcloud115 --- [ost-startStop-1] o.a.c.c.AprLifecycleListener             : The APR based Apache Tomcat Native library which allows optimal performance in production environments was not found on the java.library.path: [C:\Program Files\Java\jdk-11.0.7\bin;C:\Windows\Sun\Java\bin;C:\Windows\system32;C:\Windows;C:/Program Files/Java/jdk-11.0.7/bin/server;C:/Program Files/Java/jdk-11.0.7/bin;C:\Program Files (x86)\Python38-32\Scripts\;C:\Program Files (x86)\Python38-32\;C:\Program Files (x86)\Microsoft SDKs\Azure\CLI2\wbin;C:\Windows\system32;C:\Windows;C:\Windows\System32\Wbem;C:\Windows\System32\WindowsPowerShell\v1.0\;C:\Program Files\Citrix\System32\;C:\Program Files\Citrix\ICAService\;C:\Program Files\Citrix\Virtual Desktop Agent\;C:\Program Files\Java\jdk-11.0.7\bin;C:\Program Files\Amazon\AWSCLIV2\;C:\Program Files\Git\cmd;C:\Program Files\Microsoft VS Code\bin;D:\java\curl-7.68.0-win64-mingw\curl-7.68.0-win64-mingw\bin;C:\apache-maven-3.6.3\bin;D:\sonarqube-8.3.1.34397\bin;C:\Program Files\Cloud Foundry;C:\Program Files (x86)\Groovy\bin;C:\Program Files\nodejs\;C:\Program Files\terraform_0.12.28_windows_amd64;C:\ProgramData\chocolatey\bin;C:\Users\User\AppData\Roaming\npm\node_modules\@angular\cli\bin;C:\Users\User\AppData\Roaming\npm;C:\kafka_2.13-2.5.0\bin;C:\Users\javacloudmc91\AppData\Local\Microsoft\WindowsApps;;D:\eclipse-java-2020-03-R-win32-x86_64\eclipse;;.]
2020-08-06 00:10:24.511  INFO ctsjcloud115 --- [ost-startStop-1] o.a.c.c.C.[.[.[/]                        : Initializing Spring embedded WebApplicationContext
2020-08-06 00:10:24.512  INFO ctsjcloud115 --- [ost-startStop-1] o.s.w.c.ContextLoader                    : Root WebApplicationContext: initialization completed in 3243 ms
2020-08-06 00:10:24.617  INFO ctsjcloud115 --- [ost-startStop-1] o.s.b.w.s.ServletRegistrationBean        : Servlet dispatcherServlet mapped to [/]
2020-08-06 00:10:24.623  INFO ctsjcloud115 --- [ost-startStop-1] o.s.b.w.s.FilterRegistrationBean         : Mapping filter: 'characterEncodingFilter' to: [/*]
2020-08-06 00:10:24.624  INFO ctsjcloud115 --- [ost-startStop-1] o.s.b.w.s.FilterRegistrationBean         : Mapping filter: 'hiddenHttpMethodFilter' to: [/*]
2020-08-06 00:10:24.624  INFO ctsjcloud115 --- [ost-startStop-1] o.s.b.w.s.FilterRegistrationBean         : Mapping filter: 'httpPutFormContentFilter' to: [/*]
2020-08-06 00:10:24.624  INFO ctsjcloud115 --- [ost-startStop-1] o.s.b.w.s.FilterRegistrationBean         : Mapping filter: 'requestContextFilter' to: [/*]
2020-08-06 00:10:25.344  INFO ctsjcloud115 --- [           main] s.w.s.m.m.a.RequestMappingHandlerMapping : Mapped "{[/registerloan],methods=[POST]}" onto public com.Register.Loan.models.RegisterLoanResponse com.Register.Loan.controller.RegisterLoanController.registerloan(com.Register.Loan.models.RegisterLoanDetail) throws java.lang.Exception
2020-08-06 00:10:25.347  INFO ctsjcloud115 --- [           main] s.w.s.m.m.a.RequestMappingHandlerMapping : Mapped "{[/v2/api-docs],methods=[GET],produces=[application/json || application/hal+json]}" onto public org.springframework.http.ResponseEntity<springfox.documentation.spring.web.json.Json> springfox.documentation.swagger2.web.Swagger2Controller.getDocumentation(java.lang.String,javax.servlet.http.HttpServletRequest)
2020-08-06 00:10:25.352  INFO ctsjcloud115 --- [           main] s.w.s.m.m.a.RequestMappingHandlerMapping : Mapped "{[/configuration/security]}" onto org.springframework.http.ResponseEntity<springfox.documentation.swagger.web.SecurityConfiguration> springfox.documentation.swagger.web.ApiResourceController.securityConfiguration()
2020-08-06 00:10:25.352  INFO ctsjcloud115 --- [           main] s.w.s.m.m.a.RequestMappingHandlerMapping : Mapped "{[/configuration/ui]}" onto org.springframework.http.ResponseEntity<springfox.documentation.swagger.web.UiConfiguration> springfox.documentation.swagger.web.ApiResourceController.uiConfiguration()
2020-08-06 00:10:25.353  INFO ctsjcloud115 --- [           main] s.w.s.m.m.a.RequestMappingHandlerMapping : Mapped "{[/swagger-resources]}" onto org.springframework.http.ResponseEntity<java.util.List<springfox.documentation.swagger.web.SwaggerResource>> springfox.documentation.swagger.web.ApiResourceController.swaggerResources()
2020-08-06 00:10:25.357  INFO ctsjcloud115 --- [           main] s.w.s.m.m.a.RequestMappingHandlerMapping : Mapped "{[/error],produces=[text/html]}" onto public org.springframework.web.servlet.ModelAndView org.springframework.boot.autoconfigure.web.servlet.error.BasicErrorController.errorHtml(javax.servlet.http.HttpServletRequest,javax.servlet.http.HttpServletResponse)
2020-08-06 00:10:25.358  INFO ctsjcloud115 --- [           main] s.w.s.m.m.a.RequestMappingHandlerMapping : Mapped "{[/error]}" onto public org.springframework.http.ResponseEntity<java.util.Map<java.lang.String, java.lang.Object>> org.springframework.boot.autoconfigure.web.servlet.error.BasicErrorController.error(javax.servlet.http.HttpServletRequest)
2020-08-06 00:10:25.651  INFO ctsjcloud115 --- [           main] o.s.w.s.h.SimpleUrlHandlerMapping        : Mapped URL path [/**/favicon.ico] onto handler of type [class org.springframework.web.servlet.resource.ResourceHttpRequestHandler]
2020-08-06 00:10:25.923  INFO ctsjcloud115 --- [           main] s.w.s.m.m.a.RequestMappingHandlerAdapter : Looking for @ControllerAdvice: org.springframework.boot.web.servlet.context.AnnotationConfigServletWebServerApplicationContext@476aac9: startup date [Thu Aug 06 00:10:21 IST 2020]; root of context hierarchy
2020-08-06 00:10:26.005  INFO ctsjcloud115 --- [           main] o.s.w.s.h.SimpleUrlHandlerMapping        : Mapped URL path [/webjars/**] onto handler of type [class org.springframework.web.servlet.resource.ResourceHttpRequestHandler]
2020-08-06 00:10:26.006  INFO ctsjcloud115 --- [           main] o.s.w.s.h.SimpleUrlHandlerMapping        : Mapped URL path [/**] onto handler of type [class org.springframework.web.servlet.resource.ResourceHttpRequestHandler]
2020-08-06 00:10:26.215  INFO ctsjcloud115 --- [           main] o.s.j.e.a.AnnotationMBeanExporter        : Registering beans for JMX exposure on startup
2020-08-06 00:10:26.231  INFO ctsjcloud115 --- [           main] d.s.w.p.DocumentationPluginsBootstrapper : Context refreshed
2020-08-06 00:10:26.269  INFO ctsjcloud115 --- [           main] d.s.w.p.DocumentationPluginsBootstrapper : Found 1 custom documentation plugin(s)
2020-08-06 00:10:26.289  INFO ctsjcloud115 --- [           main] s.d.s.w.s.ApiListingReferenceScanner     : Scanning for api listing references
2020-08-06 00:10:26.522  INFO ctsjcloud115 --- [           main] o.a.c.h.Http11NioProtocol                : Starting ProtocolHandler ["http-nio-8084"]
2020-08-06 00:10:26.539  INFO ctsjcloud115 --- [           main] o.a.t.u.n.NioSelectorPool                : Using a shared selector for servlet write/read
2020-08-06 00:10:26.571  INFO ctsjcloud115 --- [           main] o.s.b.w.e.t.TomcatWebServer              : Tomcat started on port(s): 8084 (http) with context path ''
2020-08-06 00:10:26.579  INFO ctsjcloud115 --- [           main] c.R.L.RegisterLoanApplication            : Started RegisterLoanApplication in 6.328 seconds (JVM running for 8.263)
2020-08-06 01:27:27.815  INFO ctsjcloud115 --- [nio-8084-exec-3] o.a.c.c.C.[.[.[/]                        : Initializing Spring FrameworkServlet 'dispatcherServlet'
2020-08-06 01:27:27.816  INFO ctsjcloud115 --- [nio-8084-exec-3] o.s.w.s.DispatcherServlet                : FrameworkServlet 'dispatcherServlet': initialization started
2020-08-06 01:27:27.877  INFO ctsjcloud115 --- [nio-8084-exec-3] o.s.w.s.DispatcherServlet                : FrameworkServlet 'dispatcherServlet': initialization completed in 61 ms
2020-08-06 01:28:10.949  INFO ctsjcloud115 --- [nio-8084-exec-2] c.R.L.s.RegisterLoanService              : CustomerUpdation : Inside Customer Updation Service
2020-08-06 23:50:30.923  INFO user-PC --- [           main] .b.t.c.SpringBootTestContextBootstrapper : Neither @ContextConfiguration nor @ContextHierarchy found for test class [com.example.simplerestapis.SimpleRestApisApplicationTests], using SpringBootContextLoader
2020-08-06 23:50:30.939  INFO user-PC --- [           main] o.s.t.c.s.AbstractContextLoader          : Could not detect default resource locations for test class [com.example.simplerestapis.SimpleRestApisApplicationTests]: no resource found for suffixes {-context.xml, Context.groovy}.
2020-08-06 23:50:30.941  INFO user-PC --- [           main] t.c.s.AnnotationConfigContextLoaderUtils : Could not detect default configuration classes for test class [com.example.simplerestapis.SimpleRestApisApplicationTests]: SimpleRestApisApplicationTests does not declare any static, non-private, non-final, nested classes annotated with @Configuration.
